2025-08-14 09:03:24,214 [main        ] [INFO ]  FireSim Manager. Docs: https://docs.fires.im
Running: buildbitstream

2025-08-14 09:03:24,249 [flush       ] [DEBUG]  [localhost] Executing task 'replace_rtl'
2025-08-14 09:03:24,249 [replace_rtl ] [INFO ]  Building Verilog for xilinx_alveo_u250-firesim-FireSim-FireSimRocketPrefetchTemplate-BaseXilinxAlveoConfig
2025-08-14 09:03:24,249 [flush       ] [INFO ]  [localhost] local: pwd
2025-08-14 09:03:24,252 [flush       ] [INFO ]  [localhost] run: make PLATFORM=xilinx_alveo_u250 TARGET_PROJECT=firesim DESIGN=FireSim TARGET_CONFIG=FireSimRocketPrefetchTemplate PLATFORM_CONFIG=BaseXilinxAlveoConfig replace-rtl
2025-08-14 09:03:27,573 [flush       ] [INFO ]  [localhost] out: Running with RISCV=/home/dawud/chipyard/.conda-env/riscv-tools
2025-08-14 09:04:15,407 [flush       ] [INFO ]  [localhost] out: mkdir -p /home/dawud/chipyard/sims/firesim/sim/output/xilinx_alveo_u250/xilinx_alveo_u250-firesim-FireSim-FireSimRocketPrefetchTemplate-BaseXilinxAlveoConfig/build
2025-08-14 09:04:16,063 [flush       ] [INFO ]  [localhost] out: cp /home/dawud/chipyard/sims/firesim/sim/generated-src/xilinx_alveo_u250/xilinx_alveo_u250-firesim-FireSim-FireSimRocketPrefetchTemplate-BaseXilinxAlveoConfig/FireSim-generated.const.h /home/dawud/chipyard/sims/firesim/sim/output/xilinx_alveo_u250/xilinx_alveo_u250-firesim-FireSim-FireSimRocketPrefetchTemplate-BaseXilinxAlveoConfig/build/
2025-08-14 09:04:16,720 [flush       ] [INFO ]  [localhost] out: make -C /home/dawud/chipyard/sims/firesim/sim/midas/src/main/cc driver MAIN=xilinx_alveo_u250 PLATFORM=xilinx_alveo_u250 \
2025-08-14 09:04:16,720 [flush       ] [INFO ]  [localhost] out: 	DRIVER_NAME=FireSim \
2025-08-14 09:04:16,721 [flush       ] [INFO ]  [localhost] out: 	GEN_FILE_BASENAME=FireSim-generated \
2025-08-14 09:04:16,721 [flush       ] [INFO ]  [localhost] out: 	GEN_DIR=/home/dawud/chipyard/sims/firesim/sim/output/xilinx_alveo_u250/xilinx_alveo_u250-firesim-FireSim-FireSimRocketPrefetchTemplate-BaseXilinxAlveoConfig/build \
2025-08-14 09:04:16,721 [flush       ] [INFO ]  [localhost] out: 	OUT_DIR=/home/dawud/chipyard/sims/firesim/sim/output/xilinx_alveo_u250/xilinx_alveo_u250-firesim-FireSim-FireSimRocketPrefetchTemplate-BaseXilinxAlveoConfig \
2025-08-14 09:04:16,721 [flush       ] [INFO ]  [localhost] out: 	DRIVER="/home/dawud/chipyard/sims/firesim/sim/src/main/cc/firesim/firesim_top.cc /home/dawud/chipyard/sims/firesim/sim/firesim-lib/src/main/cc/bridges/blockdev.cc /home/dawud/chipyard/sims/firesim/sim/firesim-lib/src/main/cc/bridges/dromajo.cc /home/dawud/chipyard/sims/firesim/sim/firesim-lib/src/main/cc/bridges/groundtest.cc /home/dawud/chipyard/sims/firesim/sim/firesim-lib/src/main/cc/bridges/simplenic.cc /home/dawud/chipyard/sims/firesim/sim/firesim-lib/src/main/cc/bridges/tracerv.cc /home/dawud/chipyard/sims/firesim/sim/firesim-lib/src/main/cc/bridges/tsibridge.cc /home/dawud/chipyard/sims/firesim/sim/firesim-lib/src/main/cc/bridges/uart.cc /home/dawud/chipyard/sims/firesim/sim/firesim-lib/src/main/cc/fesvr/firesim_tsi.cc /home/dawud/chipyard/sims/firesim/sim/firesim-lib/src/main/cc/bridges/tracerv/tracerv_dwarf.cc /home/dawud/chipyard/sims/firesim/sim/firesim-lib/src/main/cc/bridges/tracerv/tracerv_elf.cc /home/dawud/chipyard/sims/firesim/sim/firesim-lib/src/main/cc/bridges/tracerv/tracerv_processing.cc /home/dawud/chipyard/sims/firesim/sim/firesim-lib/src/main/cc/bridges/tracerv/trace_tracker.cc /home/dawud/chipyard/.conda-env/riscv-tools/lib/libfesvr.a /home/dawud/chipyard/.conda-env/lib/libdromajo_cosim.a /home/dawud/chipyard/generators/testchipip/src/main/resources/testchipip/csrc/testchip_tsi.cc" \
2025-08-14 09:04:16,721 [flush       ] [INFO ]  [localhost] out: 	TOP_DIR=/home/dawud/chipyard
2025-08-14 09:04:17,385 [flush       ] [INFO ]  [localhost] out: make[1]: Entering directory '/home/dawud/chipyard/sims/firesim/sim/midas/src/main/cc'
2025-08-14 09:04:17,385 [flush       ] [INFO ]  [localhost] out: mkdir -p /home/dawud/chipyard/sims/firesim/sim/output/xilinx_alveo_u250/xilinx_alveo_u250-firesim-FireSim-FireSimRocketPrefetchTemplate-BaseXilinxAlveoConfig/build/
2025-08-14 09:04:17,387 [flush       ] [INFO ]  [localhost] out: /home/dawud/miniforge3/bin/x86_64-conda-linux-gnu-c++ -fvisibility-inlines-hidden -fmessage-length=0 -march=nocona -mtune=haswell -ftree-vectorize -fPIC -fstack-protector-strong -fno-plt -O2 -ffunction-sections -pipe -isystem /home/dawud/miniforge3/include  -g -isystem /home/dawud/chipyard/.conda-env/riscv-tools/include -isystem /home/dawud/chipyard/generators/testchipip/src/main/resources/testchipip/csrc -isystem /home/dawud/chipyard/.conda-env/include -I/home/dawud/chipyard/sims/firesim/sim/src/main/cc/firesim -I/home/dawud/chipyard/sims/firesim/sim/firesim-lib/src/main/cc -I/home/dawud/chipyard/sims/firesim/sim/generated-src/xilinx_alveo_u250/xilinx_alveo_u250-firesim-FireSim-FireSimRocketPrefetchTemplate-BaseXilinxAlveoConfig -Wno-inconsistent-missing-override -Wno-unused-variable -O2 -idirafter /home/dawud/chipyard/.conda-env/include -idirafter /usr/include -Wall -I/home/dawud/chipyard/sims/firesim/sim/midas/src/main/cc -I/home/dawud/chipyard/sims/firesim/sim/output/xilinx_alveo_u250/xilinx_alveo_u250-firesim-FireSim-FireSimRocketPrefetchTemplate-BaseXilinxAlveoConfig/build -std=c++20 -include /home/dawud/chipyard/sims/firesim/sim/output/xilinx_alveo_u250/xilinx_alveo_u250-firesim-FireSim-FireSimRocketPrefetchTemplate-BaseXilinxAlveoConfig/build/FireSim-generated.const.h -c -o /home/dawud/chipyard/sims/firesim/sim/output/xilinx_alveo_u250/xilinx_alveo_u250-firesim-FireSim-FireSimRocketPrefetchTemplate-BaseXilinxAlveoConfig/build/simif_xilinx_alveo_u250.o /home/dawud/chipyard/sims/firesim/sim/midas/src/main/cc/simif_xilinx_alveo_u250.cc
2025-08-14 09:04:18,552 [flush       ] [INFO ]  [localhost] out: mkdir -p /home/dawud/chipyard/sims/firesim/sim/output/xilinx_alveo_u250/xilinx_alveo_u250-firesim-FireSim-FireSimRocketPrefetchTemplate-BaseXilinxAlveoConfig/build/
2025-08-14 09:04:18,554 [flush       ] [INFO ]  [localhost] out: /home/dawud/miniforge3/bin/x86_64-conda-linux-gnu-c++ -fvisibility-inlines-hidden -fmessage-length=0 -march=nocona -mtune=haswell -ftree-vectorize -fPIC -fstack-protector-strong -fno-plt -O2 -ffunction-sections -pipe -isystem /home/dawud/miniforge3/include  -g -isystem /home/dawud/chipyard/.conda-env/riscv-tools/include -isystem /home/dawud/chipyard/generators/testchipip/src/main/resources/testchipip/csrc -isystem /home/dawud/chipyard/.conda-env/include -I/home/dawud/chipyard/sims/firesim/sim/src/main/cc/firesim -I/home/dawud/chipyard/sims/firesim/sim/firesim-lib/src/main/cc -I/home/dawud/chipyard/sims/firesim/sim/generated-src/xilinx_alveo_u250/xilinx_alveo_u250-firesim-FireSim-FireSimRocketPrefetchTemplate-BaseXilinxAlveoConfig -Wno-inconsistent-missing-override -Wno-unused-variable -O2 -idirafter /home/dawud/chipyard/.conda-env/include -idirafter /usr/include -Wall -I/home/dawud/chipyard/sims/firesim/sim/midas/src/main/cc -I/home/dawud/chipyard/sims/firesim/sim/output/xilinx_alveo_u250/xilinx_alveo_u250-firesim-FireSim-FireSimRocketPrefetchTemplate-BaseXilinxAlveoConfig/build -std=c++20 -include /home/dawud/chipyard/sims/firesim/sim/output/xilinx_alveo_u250/xilinx_alveo_u250-firesim-FireSim-FireSimRocketPrefetchTemplate-BaseXilinxAlveoConfig/build/FireSim-generated.const.h -c -o /home/dawud/chipyard/sims/firesim/sim/output/xilinx_alveo_u250/xilinx_alveo_u250-firesim-FireSim-FireSimRocketPrefetchTemplate-BaseXilinxAlveoConfig/build/main.o /home/dawud/chipyard/sims/firesim/sim/midas/src/main/cc/main.cc
2025-08-14 09:04:18,570 [flush       ] [INFO ]  [localhost] out: mkdir -p /home/dawud/chipyard/sims/firesim/sim/output/xilinx_alveo_u250/xilinx_alveo_u250-firesim-FireSim-FireSimRocketPrefetchTemplate-BaseXilinxAlveoConfig/build/
2025-08-14 09:04:18,572 [flush       ] [INFO ]  [localhost] out: /home/dawud/miniforge3/bin/x86_64-conda-linux-gnu-c++ -fvisibility-inlines-hidden -fmessage-length=0 -march=nocona -mtune=haswell -ftree-vectorize -fPIC -fstack-protector-strong -fno-plt -O2 -ffunction-sections -pipe -isystem /home/dawud/miniforge3/include  -g -isystem /home/dawud/chipyard/.conda-env/riscv-tools/include -isystem /home/dawud/chipyard/generators/testchipip/src/main/resources/testchipip/csrc -isystem /home/dawud/chipyard/.conda-env/include -I/home/dawud/chipyard/sims/firesim/sim/src/main/cc/firesim -I/home/dawud/chipyard/sims/firesim/sim/firesim-lib/src/main/cc -I/home/dawud/chipyard/sims/firesim/sim/generated-src/xilinx_alveo_u250/xilinx_alveo_u250-firesim-FireSim-FireSimRocketPrefetchTemplate-BaseXilinxAlveoConfig -Wno-inconsistent-missing-override -Wno-unused-variable -O2 -idirafter /home/dawud/chipyard/.conda-env/include -idirafter /usr/include -Wall -I/home/dawud/chipyard/sims/firesim/sim/midas/src/main/cc -I/home/dawud/chipyard/sims/firesim/sim/output/xilinx_alveo_u250/xilinx_alveo_u250-firesim-FireSim-FireSimRocketPrefetchTemplate-BaseXilinxAlveoConfig/build -std=c++20 -include /home/dawud/chipyard/sims/firesim/sim/output/xilinx_alveo_u250/xilinx_alveo_u250-firesim-FireSim-FireSimRocketPrefetchTemplate-BaseXilinxAlveoConfig/build/FireSim-generated.const.h -c -o /home/dawud/chipyard/sims/firesim/sim/output/xilinx_alveo_u250/xilinx_alveo_u250-firesim-FireSim-FireSimRocketPrefetchTemplate-BaseXilinxAlveoConfig/build/entry.o /home/dawud/chipyard/sims/firesim/sim/midas/src/main/cc/entry.cc
2025-08-14 09:04:20,160 [flush       ] [INFO ]  [localhost] out: mkdir -p /home/dawud/chipyard/sims/firesim/sim/output/xilinx_alveo_u250/xilinx_alveo_u250-firesim-FireSim-FireSimRocketPrefetchTemplate-BaseXilinxAlveoConfig
2025-08-14 09:04:20,163 [flush       ] [INFO ]  [localhost] out: /home/dawud/miniforge3/bin/x86_64-conda-linux-gnu-c++ -fvisibility-inlines-hidden -fmessage-length=0 -march=nocona -mtune=haswell -ftree-vectorize -fPIC -fstack-protector-strong -fno-plt -O2 -ffunction-sections -pipe -isystem /home/dawud/miniforge3/include  -g -isystem /home/dawud/chipyard/.conda-env/riscv-tools/include -isystem /home/dawud/chipyard/generators/testchipip/src/main/resources/testchipip/csrc -isystem /home/dawud/chipyard/.conda-env/include -I/home/dawud/chipyard/sims/firesim/sim/src/main/cc/firesim -I/home/dawud/chipyard/sims/firesim/sim/firesim-lib/src/main/cc -I/home/dawud/chipyard/sims/firesim/sim/generated-src/xilinx_alveo_u250/xilinx_alveo_u250-firesim-FireSim-FireSimRocketPrefetchTemplate-BaseXilinxAlveoConfig -Wno-inconsistent-missing-override -Wno-unused-variable -O2 -idirafter /home/dawud/chipyard/.conda-env/include -idirafter /usr/include -Wall -I/home/dawud/chipyard/sims/firesim/sim/midas/src/main/cc -I/home/dawud/chipyard/sims/firesim/sim/output/xilinx_alveo_u250/xilinx_alveo_u250-firesim-FireSim-FireSimRocketPrefetchTemplate-BaseXilinxAlveoConfig/build -std=c++20 -include /home/dawud/chipyard/sims/firesim/sim/output/xilinx_alveo_u250/xilinx_alveo_u250-firesim-FireSim-FireSimRocketPrefetchTemplate-BaseXilinxAlveoConfig/build/FireSim-generated.const.h -o /home/dawud/chipyard/sims/firesim/sim/output/xilinx_alveo_u250/xilinx_alveo_u250-firesim-FireSim-FireSimRocketPrefetchTemplate-BaseXilinxAlveoConfig/FireSim-xilinx_alveo_u250 /home/dawud/chipyard/sims/firesim/sim/src/main/cc/firesim/firesim_top.cc /home/dawud/chipyard/sims/firesim/sim/firesim-lib/src/main/cc/bridges/blockdev.cc /home/dawud/chipyard/sims/firesim/sim/firesim-lib/src/main/cc/bridges/dromajo.cc /home/dawud/chipyard/sims/firesim/sim/firesim-lib/src/main/cc/bridges/groundtest.cc /home/dawud/chipyard/sims/firesim/sim/firesim-lib/src/main/cc/bridges/simplenic.cc /home/dawud/chipyard/sims/firesim/sim/firesim-lib/src/main/cc/bridges/tracerv.cc /home/dawud/chipyard/sims/firesim/sim/firesim-lib/src/main/cc/bridges/tsibridge.cc /home/dawud/chipyard/sims/firesim/sim/firesim-lib/src/main/cc/bridges/uart.cc /home/dawud/chipyard/sims/firesim/sim/firesim-lib/src/main/cc/fesvr/firesim_tsi.cc /home/dawud/chipyard/sims/firesim/sim/firesim-lib/src/main/cc/bridges/tracerv/tracerv_dwarf.cc /home/dawud/chipyard/sims/firesim/sim/firesim-lib/src/main/cc/bridges/tracerv/tracerv_elf.cc /home/dawud/chipyard/sims/firesim/sim/firesim-lib/src/main/cc/bridges/tracerv/tracerv_processing.cc /home/dawud/chipyard/sims/firesim/sim/firesim-lib/src/main/cc/bridges/tracerv/trace_tracker.cc /home/dawud/chipyard/.conda-env/riscv-tools/lib/libfesvr.a /home/dawud/chipyard/.conda-env/lib/libdromajo_cosim.a /home/dawud/chipyard/generators/testchipip/src/main/resources/testchipip/csrc/testchip_tsi.cc /home/dawud/chipyard/sims/firesim/sim/output/xilinx_alveo_u250/xilinx_alveo_u250-firesim-FireSim-FireSimRocketPrefetchTemplate-BaseXilinxAlveoConfig/build/simif_xilinx_alveo_u250.o /home/dawud/chipyard/sims/firesim/sim/output/xilinx_alveo_u250/xilinx_alveo_u250-firesim-FireSim-FireSimRocketPrefetchTemplate-BaseXilinxAlveoConfig/build/main.o /home/dawud/chipyard/sims/firesim/sim/output/xilinx_alveo_u250/xilinx_alveo_u250-firesim-FireSim-FireSimRocketPrefetchTemplate-BaseXilinxAlveoConfig/build/entry.o  /home/dawud/chipyard/sims/firesim/sim/output/xilinx_alveo_u250/xilinx_alveo_u250-firesim-FireSim-FireSimRocketPrefetchTemplate-BaseXilinxAlveoConfig/build/bridges/autocounter.o  /home/dawud/chipyard/sims/firesim/sim/output/xilinx_alveo_u250/xilinx_alveo_u250-firesim-FireSim-FireSimRocketPrefetchTemplate-BaseXilinxAlveoConfig/build/bridges/clock.o  /home/dawud/chipyard/sims/firesim/sim/output/xilinx_alveo_u250/xilinx_alveo_u250-firesim-FireSim-FireSimRocketPrefetchTemplate-BaseXilinxAlveoConfig/build/bridges/cpu_managed_stream.o  /home/dawud/chipyard/sims/firesim/sim/output/xilinx_alveo_u250/xilinx_alveo_u250-firesim-FireSim-FireSimRocketPrefetchTemplate-BaseXilinxAlveoConfig/build/bridges/fased_memory_timing_model.o  /home/dawud/chipyard/sims/firesim/sim/output/xilinx_alveo_u250/xilinx_alveo_u250-firesim-FireSim-FireSimRocketPrefetchTemplate-BaseXilinxAlveoConfig/build/bridges/fpga_managed_stream.o  /home/dawud/chipyard/sims/firesim/sim/output/xilinx_alveo_u250/xilinx_alveo_u250-firesim-FireSim-FireSimRocketPrefetchTemplate-BaseXilinxAlveoConfig/build/bridges/heartbeat.o  /home/dawud/chipyard/sims/firesim/sim/output/xilinx_alveo_u250/xilinx_alveo_u250-firesim-FireSim-FireSimRocketPrefetchTemplate-BaseXilinxAlveoConfig/build/bridges/loadmem.o  /home/dawud/chipyard/sims/firesim/sim/output/xilinx_alveo_u250/xilinx_alveo_u250-firesim-FireSim-FireSimRocketPrefetchTemplate-BaseXilinxAlveoConfig/build/bridges/master.o  /home/dawud/chipyard/sims/firesim/sim/output/xilinx_alveo_u250/xilinx_alveo_u250-firesim-FireSim-FireSimRocketPrefetchTemplate-BaseXilinxAlveoConfig/build/bridges/peek_poke.o  /home/dawud/chipyard/sims/firesim/sim/output/xilinx_alveo_u250/xilinx_alveo_u250-firesim-FireSim-FireSimRocketPrefetchTemplate-BaseXilinxAlveoConfig/build/bridges/plusargs.o  /home/dawud/chipyard/sims/firesim/sim/output/xilinx_alveo_u250/xilinx_alveo_u250-firesim-FireSim-FireSimRocketPrefetchTemplate-BaseXilinxAlveoConfig/build/bridges/reset_pulse.o  /home/dawud/chipyard/sims/firesim/sim/output/xilinx_alveo_u250/xilinx_alveo_u250-firesim-FireSim-FireSimRocketPrefetchTemplate-BaseXilinxAlveoConfig/build/bridges/synthesized_assertions.o  /home/dawud/chipyard/sims/firesim/sim/output/xilinx_alveo_u250/xilinx_alveo_u250-firesim-FireSim-FireSimRocketPrefetchTemplate-BaseXilinxAlveoConfig/build/bridges/synthesized_prints.o  /home/dawud/chipyard/sims/firesim/sim/output/xilinx_alveo_u250/xilinx_alveo_u250-firesim-FireSim-FireSimRocketPrefetchTemplate-BaseXilinxAlveoConfig/build/bridges/termination.o  /home/dawud/chipyard/sims/firesim/sim/output/xilinx_alveo_u250/xilinx_alveo_u250-firesim-FireSim-FireSimRocketPrefetchTemplate-BaseXilinxAlveoConfig/build/core/address_map.o  /home/dawud/chipyard/sims/firesim/sim/output/xilinx_alveo_u250/xilinx_alveo_u250-firesim-FireSim-FireSimRocketPrefetchTemplate-BaseXilinxAlveoConfig/build/core/bridge_driver.o  /home/dawud/chipyard/sims/firesim/sim/output/xilinx_alveo_u250/xilinx_alveo_u250-firesim-FireSim-FireSimRocketPrefetchTemplate-BaseXilinxAlveoConfig/build/core/simif.o  /home/dawud/chipyard/sims/firesim/sim/output/xilinx_alveo_u250/xilinx_alveo_u250-firesim-FireSim-FireSimRocketPrefetchTemplate-BaseXilinxAlveoConfig/build/core/simulation.o  /home/dawud/chipyard/sims/firesim/sim/output/xilinx_alveo_u250/xilinx_alveo_u250-firesim-FireSim-FireSimRocketPrefetchTemplate-BaseXilinxAlveoConfig/build/core/stream_engine.o  /home/dawud/chipyard/sims/firesim/sim/output/xilinx_alveo_u250/xilinx_alveo_u250-firesim-FireSim-FireSimRocketPrefetchTemplate-BaseXilinxAlveoConfig/build/core/systematic_scheduler.o  /home/dawud/chipyard/sims/firesim/sim/output/xilinx_alveo_u250/xilinx_alveo_u250-firesim-FireSim-FireSimRocketPrefetchTemplate-BaseXilinxAlveoConfig/build/core/timing.o  /home/dawud/chipyard/sims/firesim/sim/output/xilinx_alveo_u250/xilinx_alveo_u250-firesim-FireSim-FireSimRocketPrefetchTemplate-BaseXilinxAlveoConfig/build/core/widget.o  /home/dawud/chipyard/sims/firesim/sim/output/xilinx_alveo_u250/xilinx_alveo_u250-firesim-FireSim-FireSimRocketPrefetchTemplate-BaseXilinxAlveoConfig/build/core/widget_registry.o -Wl,-O2 -Wl,--sort-common -Wl,--as-needed -Wl,-z,relro -Wl,-z,now -Wl,--disable-new-dtags -Wl,--gc-sections -Wl,--allow-shlib-undefined -Wl,-rpath,/home/dawud/miniforge3/lib -Wl,-rpath-link,/home/dawud/miniforge3/lib -L/home/dawud/miniforge3/lib  -L/home/dawud/chipyard/.conda-env/lib -l:libdwarf.so -l:libelf.so -lz -lrt -Wl,-rpath=2906349ORIGIN -L/home/dawud/chipyard/.conda-env/lib -Wl,-rpath-link=/usr/lib/x86_64-linux-gnu -L/usr/lib/x86_64-linux-gnu -L/home/dawud/chipyard/sims/firesim/sim/output/xilinx_alveo_u250/xilinx_alveo_u250-firesim-FireSim-FireSimRocketPrefetchTemplate-BaseXilinxAlveoConfig/build -lstdc++ -lpthread -lgmp
2025-08-14 09:04:31,426 [flush       ] [INFO ]  [localhost] out: In file included from /home/dawud/chipyard/sims/firesim/sim/firesim-lib/src/main/cc/bridges/tracerv/tracerv_dwarf.cc:1:
2025-08-14 09:04:31,426 [flush       ] [INFO ]  [localhost] out: /home/dawud/chipyard/sims/firesim/sim/firesim-lib/src/main/cc/bridges/tracerv/tracerv_dwarf.h:37:14: error: expected ')' before '*' token
2025-08-14 09:04:31,426 [flush       ] [INFO ]  [localhost] out:    37 |   dwarf_t(Elf *);
2025-08-14 09:04:31,426 [flush       ] [INFO ]  [localhost] out:       |          ~   ^~
2025-08-14 09:04:31,427 [flush       ] [INFO ]  [localhost] out:       |              )
2025-08-14 09:04:31,427 [flush       ] [INFO ]  [localhost] out: /home/dawud/chipyard/sims/firesim/sim/firesim-lib/src/main/cc/bridges/tracerv/tracerv_dwarf.h: In destructor 'virtual dwarf_t::~dwarf_t()':
2025-08-14 09:04:31,427 [flush       ] [INFO ]  [localhost] out: /home/dawud/chipyard/sims/firesim/sim/firesim-lib/src/main/cc/bridges/tracerv/tracerv_dwarf.h:40:19: error: too many arguments to function 'int dwarf_finish(Dwarf_Debug)'
2025-08-14 09:04:31,427 [flush       ] [INFO ]  [localhost] out:    40 |       dwarf_finish(this->dbg, nullptr);
2025-08-14 09:04:31,427 [flush       ] [INFO ]  [localhost] out:       |       ~~~~~~~~~~~~^~~~~~~~~~~~~~~~~~~~
2025-08-14 09:04:31,427 [flush       ] [INFO ]  [localhost] out: In file included from /home/dawud/chipyard/sims/firesim/sim/firesim-lib/src/main/cc/bridges/tracerv/tracerv_dwarf.h:5:
2025-08-14 09:04:31,427 [flush       ] [INFO ]  [localhost] out: /home/dawud/chipyard/.conda-env/include/libdwarf.h:1578:12: note:declared here
2025-08-14 09:04:31,427 [flush       ] [INFO ]  [localhost] out:  1578 | DW_API int dwarf_finish(Dwarf_Debug dw_dbg);
2025-08-14 09:04:31,427 [flush       ] [INFO ]  [localhost] out:       |            ^~~~~~~~~~~~
2025-08-14 09:04:31,430 [flush       ] [INFO ]  [localhost] out: /home/dawud/chipyard/sims/firesim/sim/firesim-lib/src/main/cc/bridges/tracerv/tracerv_dwarf.cc: At global scope:
2025-08-14 09:04:31,430 [flush       ] [INFO ]  [localhost] out: /home/dawud/chipyard/sims/firesim/sim/firesim-lib/src/main/cc/bridges/tracerv/tracerv_dwarf.cc:44:17: error: expected constructor, destructor, or type conversion before '(' token
2025-08-14 09:04:31,430 [flush       ] [INFO ]  [localhost] out:    44 | dwarf_t::dwarf_t(Elf *elf) {
2025-08-14 09:04:31,430 [flush       ] [INFO ]  [localhost] out:       |                 ^
2025-08-14 09:04:31,433 [flush       ] [INFO ]  [localhost] out: /home/dawud/chipyard/sims/firesim/sim/firesim-lib/src/main/cc/bridges/tracerv/tracerv_dwarf.cc: In member function 'void dwarf_t::subroutines(subroutine_map&)':
2025-08-14 09:04:31,433 [flush       ] [INFO ]  [localhost] out: /home/dawud/chipyard/sims/firesim/sim/firesim-lib/src/main/cc/bridges/tracerv/tracerv_dwarf.cc:58:10: error: 'dwarf_next_cu_header_c' was not declared in this scope; did you mean 'dwarf_next_cu_header_d'?
2025-08-14 09:04:31,433 [flush       ] [INFO ]  [localhost] out:    58 |   while (dwarf_next_cu_header_c(this->dbg,
2025-08-14 09:04:31,434 [flush       ] [INFO ]  [localhost] out:       |          ^~~~~~~~~~~~~~~~~~~~~~
2025-08-14 09:04:31,434 [flush       ] [INFO ]  [localhost] out:       |          dwarf_next_cu_header_d
2025-08-14 09:04:31,437 [flush       ] [INFO ]  [localhost] out: /home/dawud/chipyard/sims/firesim/sim/firesim-lib/src/main/cc/bridges/tracerv/tracerv_dwarf.cc:73:9: error: 'dwarf_siblingof' was not declared in this scope; did you mean 'dwarf_siblingof_b'?
2025-08-14 09:04:31,437 [flush       ] [INFO ]  [localhost] out:    73 |     if (dwarf_siblingof(this->dbg, nullptr, &die, nullptr) != DW_DLV_OK) {
2025-08-14 09:04:31,437 [flush       ] [INFO ]  [localhost] out:       |         ^~~~~~~~~~~~~~~
2025-08-14 09:04:31,437 [flush       ] [INFO ]  [localhost] out:       |         dwarf_siblingof_b
2025-08-14 09:04:31,441 [flush       ] [INFO ]  [localhost] out: /home/dawud/chipyard/sims/firesim/sim/firesim-lib/src/main/cc/bridges/tracerv/tracerv_dwarf.cc: In member function 'void dwarf_t::siblings(die_ptr, void (dwarf_t::*)(Dwarf_Die, T&), T&)':
2025-08-14 09:04:31,441 [flush       ] [INFO ]  [localhost] out: /home/dawud/chipyard/sims/firesim/sim/firesim-lib/src/main/cc/bridges/tracerv/tracerv_dwarf.cc:95:9: error: there are no arguments to 'dwarf_siblingof' that depend on a template parameter, so a declaration of 'dwarf_siblingof' must be available [-Wtemplate-body]
2025-08-14 09:04:31,441 [flush       ] [INFO ]  [localhost] out:    95 |     if (dwarf_siblingof(this->dbg, p, &p, nullptr) != DW_DLV_OK) {
2025-08-14 09:04:31,441 [flush       ] [INFO ]  [localhost] out:       |         ^~~~~~~~~~~~~~~
2025-08-14 09:04:31,441 [flush       ] [INFO ]  [localhost] out: /home/dawud/chipyard/sims/firesim/sim/firesim-lib/src/main/cc/bridges/tracerv/tracerv_dwarf.cc:95:9: note: (if you use '-fpermissive', G++ will accept your code, but allowing the use of an undeclared name is deprecated)
2025-08-14 09:04:31,482 [flush       ] [INFO ]  [localhost] out: /home/dawud/chipyard/sims/firesim/sim/firesim-lib/src/main/cc/bridges/tracerv/tracerv_dwarf.cc: In instantiation of 'void dwarf_t::siblings(die_ptr, void (dwarf_t::*)(Dwarf_Die, T&), T&) [with T = std::map<long unsigned int, subroutine_t>; die_ptr = std::unique_ptr<Dwarf_Die_s, dwarf_deleter>; Dwarf_Die = Dwarf_Die_s*]':
2025-08-14 09:04:31,482 [flush       ] [INFO ]  [localhost] out: /home/dawud/chipyard/sims/firesim/sim/firesim-lib/src/main/cc/bridges/tracerv/tracerv_dwarf.cc:81:21:   required from here
2025-08-14 09:04:31,482 [flush       ] [INFO ]  [localhost] out:    81 |       this->siblings(std::move(die_wrap), &dwarf_t::die_subprogram, table);
2025-08-14 09:04:31,482 [flush       ] [INFO ]  [localhost] out:       |       ~~~~~~~~~~~~~~^~~~~~~~~~~~~~~~~~~~~~~~~~~~~~~~~~~~~~~~~~~~~~~~~~~~~~
2025-08-14 09:04:31,482 [flush       ] [INFO ]  [localhost] out: /home/dawud/chipyard/sims/firesim/sim/firesim-lib/src/main/cc/bridges/tracerv/tracerv_dwarf.cc:95:24: error: 'dwarf_siblingof' was not declared in this scope; did you mean 'dwarf_siblingof_b'?
2025-08-14 09:04:31,482 [flush       ] [INFO ]  [localhost] out:    95 |     if (dwarf_siblingof(this->dbg, p, &p, nullptr) != DW_DLV_OK) {
2025-08-14 09:04:31,482 [flush       ] [INFO ]  [localhost] out:       |         ~~~~~~~~~~~~~~~^~~~~~~~~~~~~~~~~~~~~~~~~~~
2025-08-14 09:04:31,483 [flush       ] [INFO ]  [localhost] out:       |         dwarf_siblingof_b
2025-08-14 09:04:31,485 [flush       ] [INFO ]  [localhost] out: /home/dawud/chipyard/sims/firesim/sim/firesim-lib/src/main/cc/bridges/tracerv/tracerv_dwarf.cc: In instantiation of 'void dwarf_t::siblings(die_ptr, void (dwarf_t::*)(Dwarf_Die, T&), T&) [with T = std::vector<callsite_t>; die_ptr = std::unique_ptr<Dwarf_Die_s, dwarf_deleter>; Dwarf_Die = Dwarf_Die_s*]':
2025-08-14 09:04:31,485 [flush       ] [INFO ]  [localhost] out: /home/dawud/chipyard/sims/firesim/sim/firesim-lib/src/main/cc/bridges/tracerv/tracerv_dwarf.cc:107:19:   required from here
2025-08-14 09:04:31,485 [flush       ] [INFO ]  [localhost] out:   107 |     this->siblings(std::move(die_wrap), &dwarf_t::die_callsite, table);
2025-08-14 09:04:31,485 [flush       ] [INFO ]  [localhost] out:       |     ~~~~~~~~~~~~~~^~~~~~~~~~~~~~~~~~~~~~~~~~~~~~~~~~~~~~~~~~~~~~~~~~~~
2025-08-14 09:04:31,485 [flush       ] [INFO ]  [localhost] out: /home/dawud/chipyard/sims/firesim/sim/firesim-lib/src/main/cc/bridges/tracerv/tracerv_dwarf.cc:95:24: error: 'dwarf_siblingof' was not declared in this scope; did you mean 'dwarf_siblingof_b'?
2025-08-14 09:04:31,485 [flush       ] [INFO ]  [localhost] out:    95 |     if (dwarf_siblingof(this->dbg, p, &p, nullptr) != DW_DLV_OK) {
2025-08-14 09:04:31,486 [flush       ] [INFO ]  [localhost] out:       |         ~~~~~~~~~~~~~~~^~~~~~~~~~~~~~~~~~~~~~~~~~~
2025-08-14 09:04:31,486 [flush       ] [INFO ]  [localhost] out:       |         dwarf_siblingof_b
2025-08-14 09:04:31,550 [flush       ] [INFO ]  [localhost] out: /home/dawud/chipyard/sims/firesim/sim/firesim-lib/src/main/cc/bridges/tracerv/tracerv_dwarf.cc: At global scope:
2025-08-14 09:04:31,550 [flush       ] [INFO ]  [localhost] out: /home/dawud/chipyard/sims/firesim/sim/firesim-lib/src/main/cc/bridges/tracerv/tracerv_dwarf.cc:15:6: warning: 'void {anonymous}::dwarf_runtime_error(Dwarf_Error, Dwarf_Ptr)' defined but not used [-Wunused-function]
2025-08-14 09:04:31,550 [flush       ] [INFO ]  [localhost] out:    15 | void dwarf_runtime_error(Dwarf_Error err, Dwarf_Ptr arg) {
2025-08-14 09:04:31,551 [flush       ] [INFO ]  [localhost] out:       |      ^~~~~~~~~~~~~~~~~~~
2025-08-14 09:04:31,551 [flush       ] [INFO ]  [localhost] out: cc1plus: note: unrecognized command-line option '-Wno-inconsistent-missing-override' may have been intended to silence earlier diagnostics
2025-08-14 09:04:31,951 [flush       ] [INFO ]  [localhost] out: In file included from /home/dawud/chipyard/sims/firesim/sim/firesim-lib/src/main/cc/bridges/tracerv/tracerv_elf.h:4,
2025-08-14 09:04:31,952 [flush       ] [INFO ]  [localhost] out:                  from /home/dawud/chipyard/sims/firesim/sim/firesim-lib/src/main/cc/bridges/tracerv/tracerv_elf.cc:1:
2025-08-14 09:04:31,952 [flush       ] [INFO ]  [localhost] out: /home/dawud/chipyard/sims/firesim/sim/firesim-lib/src/main/cc/bridges/tracerv/tracerv_dwarf.h:37:14: error: expected ')' before '*' token
2025-08-14 09:04:31,952 [flush       ] [INFO ]  [localhost] out:    37 |   dwarf_t(Elf *);
2025-08-14 09:04:31,952 [flush       ] [INFO ]  [localhost] out:       |          ~   ^~
2025-08-14 09:04:31,952 [flush       ] [INFO ]  [localhost] out:       |              )
2025-08-14 09:04:31,952 [flush       ] [INFO ]  [localhost] out: /home/dawud/chipyard/sims/firesim/sim/firesim-lib/src/main/cc/bridges/tracerv/tracerv_dwarf.h: In destructor 'virtual dwarf_t::~dwarf_t()':
2025-08-14 09:04:31,952 [flush       ] [INFO ]  [localhost] out: /home/dawud/chipyard/sims/firesim/sim/firesim-lib/src/main/cc/bridges/tracerv/tracerv_dwarf.h:40:19: error: too many arguments to function 'int dwarf_finish(Dwarf_Debug)'
2025-08-14 09:04:31,952 [flush       ] [INFO ]  [localhost] out:    40 |       dwarf_finish(this->dbg, nullptr);
2025-08-14 09:04:31,952 [flush       ] [INFO ]  [localhost] out:       |       ~~~~~~~~~~~~^~~~~~~~~~~~~~~~~~~~
2025-08-14 09:04:31,952 [flush       ] [INFO ]  [localhost] out: In file included from /home/dawud/chipyard/sims/firesim/sim/firesim-lib/src/main/cc/bridges/tracerv/tracerv_dwarf.h:5:
2025-08-14 09:04:31,952 [flush       ] [INFO ]  [localhost] out: /home/dawud/chipyard/.conda-env/include/libdwarf.h:1578:12: note:declared here
2025-08-14 09:04:31,952 [flush       ] [INFO ]  [localhost] out:  1578 | DW_API int dwarf_finish(Dwarf_Debug dw_dbg);
2025-08-14 09:04:31,953 [flush       ] [INFO ]  [localhost] out:       |            ^~~~~~~~~~~~
2025-08-14 09:04:31,959 [flush       ] [INFO ]  [localhost] out: /home/dawud/chipyard/sims/firesim/sim/firesim-lib/src/main/cc/bridges/tracerv/tracerv_elf.cc: In member function 'std::pair<long unsigned int, long unsigned int> elf_t::subroutines(subroutine_map&':
2025-08-14 09:04:31,959 [flush       ] [INFO ]  [localhost] out: /home/dawud/chipyard/sims/firesim/sim/firesim-lib/src/main/cc/bridges/tracerv/tracerv_elf.cc:78:28: error: no matching function for call to 'dwarf_t::dwarf_t(Elf*&)'
2025-08-14 09:04:31,959 [flush       ] [INFO ]  [localhost] out:    78 |     dwarf_t dwarf(this->elf);
2025-08-14 09:04:31,959 [flush       ] [INFO ]  [localhost] out:       |                            ^
2025-08-14 09:04:31,959 [flush       ] [INFO ]  [localhost] out: /home/dawud/chipyard/sims/firesim/sim/firesim-lib/src/main/cc/bridges/tracerv/tracerv_elf.cc:78:28: note: there are 2 candidates
2025-08-14 09:04:31,959 [flush       ] [INFO ]  [localhost] out: /home/dawud/chipyard/sims/firesim/sim/firesim-lib/src/main/cc/bridges/tracerv/tracerv_dwarf.h:35:7: note: candidate 1: 'constexpr dwarf_t::dwarf_t()'
2025-08-14 09:04:31,959 [flush       ] [INFO ]  [localhost] out:    35 | class dwarf_t {
2025-08-14 09:04:31,960 [flush       ] [INFO ]  [localhost] out:       |       ^~~~~~~
2025-08-14 09:04:31,960 [flush       ] [INFO ]  [localhost] out: /home/dawud/chipyard/sims/firesim/sim/firesim-lib/src/main/cc/bridges/tracerv/tracerv_dwarf.h:35:7: note: candidate expects 0 arguments, 1 provided
2025-08-14 09:04:31,960 [flush       ] [INFO ]  [localhost] out: /home/dawud/chipyard/sims/firesim/sim/firesim-lib/src/main/cc/bridges/tracerv/tracerv_dwarf.h:35:7: note: candidate 2: 'constexpr dwarf_t::dwarf_t(const dwarf_t&)'
2025-08-14 09:04:31,960 [flush       ] [INFO ]  [localhost] out: /home/dawud/chipyard/sims/firesim/sim/firesim-lib/src/main/cc/bridges/tracerv/tracerv_dwarf.h:35:7: note: no known conversion for argument 1 from 'Elf*' to 'const dwarf_t&'
2025-08-14 09:04:32,034 [flush       ] [INFO ]  [localhost] out: At global scope:
2025-08-14 09:04:32,034 [flush       ] [INFO ]  [localhost] out: cc1plus: note: unrecognized command-line option '-Wno-inconsistent-missing-override' may have been intended to silence earlier diagnostics
2025-08-14 09:04:32,464 [flush       ] [INFO ]  [localhost] out: In file included from /home/dawud/chipyard/sims/firesim/sim/firesim-lib/src/main/cc/bridges/tracerv/tracerv_processing.cc:2:
2025-08-14 09:04:32,464 [flush       ] [INFO ]  [localhost] out: /home/dawud/chipyard/sims/firesim/sim/firesim-lib/src/main/cc/bridges/tracerv/tracerv_dwarf.h:37:14: error: expected ')' before '*' token
2025-08-14 09:04:32,464 [flush       ] [INFO ]  [localhost] out:    37 |   dwarf_t(Elf *);
2025-08-14 09:04:32,464 [flush       ] [INFO ]  [localhost] out:       |          ~   ^~
2025-08-14 09:04:32,465 [flush       ] [INFO ]  [localhost] out:       |              )
2025-08-14 09:04:32,465 [flush       ] [INFO ]  [localhost] out: /home/dawud/chipyard/sims/firesim/sim/firesim-lib/src/main/cc/bridges/tracerv/tracerv_dwarf.h: In destructor 'virtual dwarf_t::~dwarf_t()':
2025-08-14 09:04:32,465 [flush       ] [INFO ]  [localhost] out: /home/dawud/chipyard/sims/firesim/sim/firesim-lib/src/main/cc/bridges/tracerv/tracerv_dwarf.h:40:19: error: too many arguments to function 'int dwarf_finish(Dwarf_Debug)'
2025-08-14 09:04:32,465 [flush       ] [INFO ]  [localhost] out:    40 |       dwarf_finish(this->dbg, nullptr);
2025-08-14 09:04:32,465 [flush       ] [INFO ]  [localhost] out:       |       ~~~~~~~~~~~~^~~~~~~~~~~~~~~~~~~~
2025-08-14 09:04:32,465 [flush       ] [INFO ]  [localhost] out: In file included from /home/dawud/chipyard/sims/firesim/sim/firesim-lib/src/main/cc/bridges/tracerv/tracerv_dwarf.h:5:
2025-08-14 09:04:32,465 [flush       ] [INFO ]  [localhost] out: /home/dawud/chipyard/.conda-env/include/libdwarf.h:1578:12: note:declared here
2025-08-14 09:04:32,465 [flush       ] [INFO ]  [localhost] out:  1578 | DW_API int dwarf_finish(Dwarf_Debug dw_dbg);
2025-08-14 09:04:32,465 [flush       ] [INFO ]  [localhost] out:       |            ^~~~~~~~~~~~
2025-08-14 09:04:32,546 [flush       ] [INFO ]  [localhost] out: At global scope:
2025-08-14 09:04:32,546 [flush       ] [INFO ]  [localhost] out: cc1plus: note: unrecognized command-line option '-Wno-inconsistent-missing-override' may have been intended to silence earlier diagnostics
2025-08-14 09:04:34,031 [flush       ] [INFO ]  [localhost] out: make[1]: *** [Makefile:47: /home/dawud/chipyard/sims/firesim/sim/output/xilinx_alveo_u250/xilinx_alveo_u250-firesim-FireSim-FireSimRocketPrefetchTemplate-BaseXilinxAlveoConfig/FireSim-xilinx_alveo_u250] Error 1
2025-08-14 09:04:34,031 [flush       ] [INFO ]  [localhost] out: make[1]: Leaving directory '/home/dawud/chipyard/sims/firesim/sim/midas/src/main/cc'
2025-08-14 09:04:34,045 [flush       ] [INFO ]  [localhost] out: make: *** [make/driver.mk:44: /home/dawud/chipyard/sims/firesim/sim/output/xilinx_alveo_u250/xilinx_alveo_u250-firesim-FireSim-FireSimRocketPrefetchTemplate-BaseXilinxAlveoConfig/FireSim-xilinx_alveo_u250] Error 2
2025-08-14 09:04:34,046 [flush       ] [INFO ]  [localhost] out: 
2025-08-14 09:04:34,053 [flush       ] [INFO ]  Fatal error: run() received nonzero return code 2 while executing!
2025-08-14 09:04:34,054 [flush       ] [INFO ]  Requested: make PLATFORM=xilinx_alveo_u250 TARGET_PROJECT=firesim DESIGN=FireSim TARGET_CONFIG=FireSimRocketPrefetchTemplate PLATFORM_CONFIG=BaseXilinxAlveoConfig replace-rtl
2025-08-14 09:04:34,054 [flush       ] [INFO ]  Executed: /bin/bash -l -c "cd /home/dawud/chipyard/sims/firesim/deploy/../ && export RISCV=/home/dawud/chipyard/.conda-env/riscv-tools && export PATH=/home/dawud/chipyard/sims/firesim/utils/fireperf:/home/dawud/chipyard/sims/firesim/utils/fireperf/FlameGraph:/home/dawud/chipyard/.conda-env/riscv-tools/bin:/home/dawud/chipyard/software/firemarshal:/home/dawud/chipyard/software/firemarshal:/home/dawud/chipyard/software/firemarshal:/home/dawud/chipyard/.conda-env/bin:/home/dawud/miniforge3/condabin:/home/dawud/tools/verible/verible-v0.0-3997-gd6924079/bin:/home/dawud/tools/verible/verible-*/bin:/opt/Xilinx/Vitis_HLS/2023.1/bin:/opt/Xilinx/Model_Composer/2023.1/bin:/opt/Xilinx/Vitis/2023.1/bin:/opt/Xilinx/Vitis/2023.1/gnu/microblaze/lin/bin:/opt/Xilinx/Vitis/2023.1/gnu/arm/lin/bin:/opt/Xilinx/Vitis/2023.1/gnu/microblaze/linux_toolchain/lin64_le/bin:/opt/Xilinx/Vitis/2023.1/gnu/aarch32/lin/gcc-arm-linux-gnueabi/bin:/opt/Xilinx/Vitis/2023.1/gnu/aarch32/lin/gcc-arm-none-eabi/bin:/opt/Xilinx/Vitis/2023.1/gnu/aarch64/lin/aarch64-linux/bin:/opt/Xilinx/Vitis/2023.1/gnu/aarch64/lin/aarch64-none/bin:/opt/Xilinx/Vitis/2023.1/gnu/armr5/lin/gcc-arm-none-eabi/bin:/opt/Xilinx/Vitis/2023.1/tps/lnx64/cmake-3.3.2/bin:/opt/Xilinx/Vitis/2023.1/aietools/bin:/opt/Xilinx/Vivado/2023.1/bin:/opt/Xilinx/DocNav:/usr/condabin:/usr/local/bin:/usr/bin:/usr/local/sbin:/usr/sbin:/home/dawud/bin:~/.local/bin:/home/dawud/chipyard/sims/firesim/deploy && export LD_LIBRARY_PATH=/home/dawud/miniforge3/lib:/home/dawud/chipyard/.conda-env/riscv-tools/lib:/home/dawud/miniforge3/lib:/lib: && source sourceme-manager.sh --skip-ssh-setup && cd sim/ && make PLATFORM=xilinx_alveo_u250 TARGET_PROJECT=firesim DESIGN=FireSim TARGET_CONFIG=FireSimRocketPrefetchTemplate PLATFORM_CONFIG=BaseXilinxAlveoConfig replace-rtl"
2025-08-14 09:04:34,054 [flush       ] [INFO ]  Aborting.
2025-08-14 09:04:34,054 [<module>    ] [ERROR]  Fatal error.
Traceback (most recent call last):
  File "/home/dawud/chipyard/sims/firesim/deploy/firesim", line 530, in <module>
    main(args)
  File "/home/dawud/chipyard/sims/firesim/deploy/firesim", line 469, in main
    t['task'](t['config'](args))
  File "/home/dawud/chipyard/sims/firesim/deploy/firesim", line 267, in buildbitstream
    execute(build_config.bitbuilder.replace_rtl, hosts=['localhost'])
  File "/home/dawud/chipyard/.conda-env/lib/python3.10/site-packages/fabric/tasks.py", line 356, in execute
    results[host] = _execute(
  File "/home/dawud/chipyard/.conda-env/lib/python3.10/site-packages/fabric/tasks.py", line 247, in _execute
    return task.run(*args, **kwargs)
  File "/home/dawud/chipyard/.conda-env/lib/python3.10/site-packages/fabric/tasks.py", line 147, in run
    return self.wrapped(*args, **kwargs)
  File "/home/dawud/chipyard/sims/firesim/deploy/buildtools/bitbuilder.py", line 71, in replace_rtl
    run(self.build_config.make_recipe("replace-rtl"))
  File "/home/dawud/chipyard/.conda-env/lib/python3.10/site-packages/fabric/network.py", line 688, in host_prompting_wrapper
    return func(*args, **kwargs)
  File "/home/dawud/chipyard/.conda-env/lib/python3.10/site-packages/fabric/operations.py", line 1068, in run
    return _run_command(
  File "/home/dawud/chipyard/.conda-env/lib/python3.10/site-packages/fabric/operations.py", line 944, in _run_command
    error(message=msg, stdout=out, stderr=err)
  File "/home/dawud/chipyard/.conda-env/lib/python3.10/site-packages/fabric/utils.py", line 357, in error
    return func(message)
  File "/home/dawud/chipyard/.conda-env/lib/python3.10/site-packages/fabric/utils.py", line 65, in abort
    raise e
SystemExit: 1

