2025-07-29 12:48:52,937 [main        ] [INFO ]  FireSim Manager. Docs: https://docs.fires.im
Running: infrasetup

2025-07-29 12:48:52,944 [__init__    ] [DEBUG]  {'config_file_name': 'config_hwdb.yaml',
 'hwconf_dict': {'alveo_u200_firesim_rocket_singlecore_no_nic': <runtools.runtime_config.RuntimeHWConfig object at 0x7fd2f7c08b50>,
                 'alveo_u250_firesim_FireSimRocketNLPrefetchWithAccuracy': <runtools.runtime_config.RuntimeHWConfig object at 0x7fd2f7c08f10>,
                 'alveo_u250_firesim_gemmini_rocket_singlecore_no_nic': <runtools.runtime_config.RuntimeHWConfig object at 0x7fd2f7c08070>,
                 'alveo_u250_firesim_rocket_singlecore_no_nic': <runtools.runtime_config.RuntimeHWConfig object at 0x7fd2f7c087c0>,
                 'alveo_u280_firesim_rocket_singlecore_no_nic': <runtools.runtime_config.RuntimeHWConfig object at 0x7fd2f7c08ac0>,
                 'firesim_boom_singlecore_nic_l2_llc4mb_ddr3': <runtools.runtime_config.RuntimeHWConfig object at 0x7fd2f7c08400>,
                 'firesim_boom_singlecore_no_nic_l2_llc4mb_ddr3': <runtools.runtime_config.RuntimeHWConfig object at 0x7fd2f7c080d0>,
                 'firesim_gemmini_printf_rocket_singlecore_no_nic': <runtools.runtime_config.RuntimeHWConfig object at 0x7fd2f7c08250>,
                 'firesim_gemmini_rocket_singlecore_no_nic': <runtools.runtime_config.RuntimeHWConfig object at 0x7fd2f7c082e0>,
                 'firesim_rocket_quadcore_nic_l2_llc4mb_ddr3': <runtools.runtime_config.RuntimeHWConfig object at 0x7fd2f7c081c0>,
                 'firesim_rocket_quadcore_no_nic_l2_llc4mb_ddr3': <runtools.runtime_config.RuntimeHWConfig object at 0x7fd2f7c08280>,
                 'firesim_rocket_singlecore_no_nic_l2_lbp': <runtools.runtime_config.RuntimeHWConfig object at 0x7fd2f7c08460>,
                 'firesim_rocket_singlecore_sha3_nic_l2_llc4mb_ddr3': <runtools.runtime_config.RuntimeHWConfig object at 0x7fd2f7c08550>,
                 'firesim_rocket_singlecore_sha3_no_nic_l2_llc4mb_ddr3': <runtools.runtime_config.RuntimeHWConfig object at 0x7fd2f7c08640>,
                 'firesim_rocket_singlecore_sha3_no_nic_l2_llc4mb_ddr3_printf': <runtools.runtime_config.RuntimeHWConfig object at 0x7fd2f7c08490>,
                 'firesim_supernode_rocket_singlecore_nic_l2_lbp': <runtools.runtime_config.RuntimeHWConfig object at 0x7fd2f7c085e0>,
                 'nitefury_firesim_rocket_singlecore_no_nic': <runtools.runtime_config.RuntimeHWConfig object at 0x7fd2f7c08e20>,
                 'vitis_firesim_gemmini_rocket_singlecore_no_nic': <runtools.runtime_config.RuntimeHWConfig object at 0x7fd2f7c085b0>,
                 'vitis_firesim_rocket_singlecore_no_nic': <runtools.runtime_config.RuntimeHWConfig object at 0x7fd2f7c08790>,
                 'xilinx_vcu118_firesim_rocket_singlecore_4GB_no_nic': <runtools.runtime_config.RuntimeHWConfig object at 0x7fd2f7c08970>},
 'simulation_mode_string': 'FPGA simulation'}
2025-07-29 12:48:52,957 [__init__    ] [DEBUG]  {'autocounter_config': AutoCounterConfig(readrate=0),
 'default_plusarg_passthrough': '',
 'defaulthwconfig': 'alveo_u250_firesim_FireSimRocketNLPrefetchWithAccuracy',
 'hostdebug_config': HostDebugConfig(zero_out_dram=False,
                                     disable_synth_asserts=False),
 'linklatency': 6405,
 'metasimulation_enabled': False,
 'metasimulation_host_simulator': 'verilator',
 'metasimulation_only_plusargs': '+fesvr-step-size=128 +max-cycles=100000000',
 'metasimulation_only_vcs_plusargs': '+vcs+initreg+0 +vcs+initmem+0',
 'netbandwidth': 200,
 'no_net_num_nodes': 1,
 'profileinterval': -1,
 'run_farm_dispatcher': <runtools.run_farm.ExternallyProvisioned object at 0x7fd2f7bd2cb0>,
 'suffixtag': None,
 'switchinglatency': 10,
 'synthprint_config': SynthPrintConfig(start=0, end=-1, cycle_prefix=True),
 'terminateoncompletion': False,
 'topology': 'no_net_config',
 'tracerv_config': TracerVConfig(enable=False,
                                 select=1,
                                 start=0,
                                 end=-1,
                                 output_format=0),
 'workload_name': 'linux-uniform.json'}
2025-07-29 12:48:52,980 [__init__    ] [DEBUG]  {'config_file_name': 'config_build_recipes.yaml',
 'hwconf_dict': {'alveo_u200_firesim_rocket_singlecore_no_nic': <runtools.runtime_config.RuntimeBuildRecipeConfig object at 0x7fd2f7c09750>,
                 'alveo_u250_firesim_FireSimRocketNLPrefetchWithAccuracy': <runtools.runtime_config.RuntimeBuildRecipeConfig object at 0x7fd2f7c08b20>,
                 'alveo_u250_firesim_FireSimRocketPrefetchTemplate': <runtools.runtime_config.RuntimeBuildRecipeConfig object at 0x7fd2f7c09420>,
                 'alveo_u250_firesim_gemmini_rocket_singlecore_no_nic': <runtools.runtime_config.RuntimeBuildRecipeConfig object at 0x7fd2f7c092a0>,
                 'alveo_u250_firesim_rocket_singlecore_no_nic': <runtools.runtime_config.RuntimeBuildRecipeConfig object at 0x7fd2f7c09060>,
                 'alveo_u280_firesim_rocket_singlecore_no_nic': <runtools.runtime_config.RuntimeBuildRecipeConfig object at 0x7fd2f7c08df0>,
                 'firesim_boom_singlecore_nic_l2_llc4mb_ddr3': <runtools.runtime_config.RuntimeBuildRecipeConfig object at 0x7fd2f7c09240>,
                 'firesim_boom_singlecore_no_nic_l2_llc4mb_ddr3': <runtools.runtime_config.RuntimeBuildRecipeConfig object at 0x7fd2f7c09f00>,
                 'firesim_boom_singlecore_no_nic_l2_llc4mb_ddr3_ramopts': <runtools.runtime_config.RuntimeBuildRecipeConfig object at 0x7fd2f7c09390>,
                 'firesim_cva6_singlecore_no_nic_l2_llc4mb_ddr3': <runtools.runtime_config.RuntimeBuildRecipeConfig object at 0x7fd2f7c08f70>,
                 'firesim_gemmini_printf_rocket_singlecore_no_nic': <runtools.runtime_config.RuntimeBuildRecipeConfig object at 0x7fd2f7c08eb0>,
                 'firesim_gemmini_rocket_singlecore_no_nic': <runtools.runtime_config.RuntimeBuildRecipeConfig object at 0x7fd2f7c08520>,
                 'firesim_rocket_quadcore_nic_l2_llc4mb_ddr3': <runtools.runtime_config.RuntimeBuildRecipeConfig object at 0x7fd2f7c0a380>,
                 'firesim_rocket_quadcore_no_nic_l2_llc4mb_ddr3': <runtools.runtime_config.RuntimeBuildRecipeConfig object at 0x7fd2f7c090f0>,
                 'firesim_rocket_singlecore_gemmini_no_nic_l2_llc4mb_ddr3': <runtools.runtime_config.RuntimeBuildRecipeConfig object at 0x7fd2f7c094b0>,
                 'firesim_rocket_singlecore_no_nic_l2_lbp': <runtools.runtime_config.RuntimeBuildRecipeConfig object at 0x7fd2f7c09030>,
                 'firesim_rocket_singlecore_sha3_nic_l2_llc4mb_ddr3': <runtools.runtime_config.RuntimeBuildRecipeConfig object at 0x7fd2f7c09c00>,
                 'firesim_rocket_singlecore_sha3_no_nic_l2_llc4mb_ddr3': <runtools.runtime_config.RuntimeBuildRecipeConfig object at 0x7fd2f7c09270>,
                 'firesim_rocket_singlecore_sha3_no_nic_l2_llc4mb_ddr3_printf': <runtools.runtime_config.RuntimeBuildRecipeConfig object at 0x7fd2f7c090c0>,
                 'firesim_supernode_rocket_singlecore_nic_l2_lbp': <runtools.runtime_config.RuntimeBuildRecipeConfig object at 0x7fd2f7c09840>,
                 'midasexamples_gcd': <runtools.runtime_config.RuntimeBuildRecipeConfig object at 0x7fd2f7c09660>,
                 'nitefury_firesim_rocket_singlecore_no_nic': <runtools.runtime_config.RuntimeBuildRecipeConfig object at 0x7fd2f7c092d0>,
                 'vitis_firesim_rocket_singlecore_no_nic': <runtools.runtime_config.RuntimeBuildRecipeConfig object at 0x7fd2f7c09210>,
                 'xilinx_vcu118_firesim_rocket_singlecore_4GB_no_nic': <runtools.runtime_config.RuntimeBuildRecipeConfig object at 0x7fd2f7c091b0>},
 'simulation_mode_string': 'Metasimulation'}
2025-07-29 12:48:53,002 [decorator   ] [DEBUG]  deprecate positional args: graphviz.backend.piping.pipe(['renderer', 'formatter', 'neato_no_op', 'quiet'])
2025-07-29 12:48:53,003 [decorator   ] [DEBUG]  deprecate positional args: graphviz.backend.rendering.render(['renderer', 'formatter', 'neato_no_op', 'quiet'])
2025-07-29 12:48:53,005 [decorator   ] [DEBUG]  deprecate positional args: graphviz.backend.unflattening.unflatten(['stagger', 'fanout', 'chain', 'encoding'])
2025-07-29 12:48:53,006 [decorator   ] [DEBUG]  deprecate positional args: graphviz.backend.viewing.view(['quiet'])
2025-07-29 12:48:53,011 [decorator   ] [DEBUG]  deprecate positional args: graphviz.quoting.quote(['is_html_string', 'is_valid_id', 'dot_keywords', 'endswith_odd_number_of_backslashes', 'escape_unescaped_quotes'])
2025-07-29 12:48:53,011 [decorator   ] [DEBUG]  deprecate positional args: graphviz.quoting.a_list(['kwargs', 'attributes'])
2025-07-29 12:48:53,011 [decorator   ] [DEBUG]  deprecate positional args: graphviz.quoting.attr_list(['kwargs', 'attributes'])
2025-07-29 12:48:53,011 [decorator   ] [DEBUG]  deprecate positional args: graphviz.dot.Dot.clear(['keep_attrs'])
2025-07-29 12:48:53,011 [decorator   ] [DEBUG]  deprecate positional args: graphviz.dot.Dot.__iter__(['subgraph'])
2025-07-29 12:48:53,011 [decorator   ] [DEBUG]  deprecate positional args: graphviz.dot.Dot.node(['_attributes'])
2025-07-29 12:48:53,011 [decorator   ] [DEBUG]  deprecate positional args: graphviz.dot.Dot.edge(['_attributes'])
2025-07-29 12:48:53,011 [decorator   ] [DEBUG]  deprecate positional args: graphviz.dot.Dot.attr(['_attributes'])
2025-07-29 12:48:53,011 [decorator   ] [DEBUG]  deprecate positional args: graphviz.dot.Dot.subgraph(['name', 'comment', 'graph_attr', 'node_attr', 'edge_attr', 'body'])
2025-07-29 12:48:53,013 [decorator   ] [DEBUG]  deprecate positional args: graphviz.piping.Pipe._pipe_legacy(['renderer', 'formatter', 'neato_no_op', 'quiet'])
2025-07-29 12:48:53,014 [decorator   ] [DEBUG]  deprecate positional args: graphviz.saving.Save.save(['directory'])
2025-07-29 12:48:53,015 [decorator   ] [DEBUG]  deprecate positional args: graphviz.rendering.Render.render(['directory', 'view', 'cleanup', 'format', 'renderer', 'formatter', 'neato_no_op', 'quiet', 'quiet_view'])
2025-07-29 12:48:53,015 [decorator   ] [DEBUG]  deprecate positional args: graphviz.rendering.Render.view(['directory', 'cleanup', 'quiet', 'quiet_view'])
2025-07-29 12:48:53,016 [decorator   ] [DEBUG]  deprecate positional args: graphviz.unflattening.Unflatten.unflatten(['stagger', 'fanout', 'chain'])
2025-07-29 12:48:53,016 [decorator   ] [DEBUG]  deprecate positional args: graphviz.graphs.BaseGraph.__init__(['comment', 'filename', 'directory', 'format', 'engine', 'encoding', 'graph_attr', 'node_attr', 'edge_attr', 'body', 'strict'])
2025-07-29 12:48:53,017 [decorator   ] [DEBUG]  deprecate positional args: graphviz.sources.Source.from_file(['directory', 'format', 'engine', 'encoding', 'renderer', 'formatter'])
2025-07-29 12:48:53,017 [decorator   ] [DEBUG]  deprecate positional args: graphviz.sources.Source.__init__(['filename', 'directory', 'format', 'engine', 'encoding'])
2025-07-29 12:48:53,017 [decorator   ] [DEBUG]  deprecate positional args: graphviz.sources.Source.save(['directory'])
2025-07-29 12:48:53,017 [mkdirs      ] [DEBUG]  os.makedirs('generated-topology-diagrams')
2025-07-29 12:48:53,017 [save        ] [DEBUG]  write lines to 'generated-topology-diagrams/firesim_topologyno_net_config.gv'
2025-07-29 12:48:53,018 [run_check   ] [DEBUG]  run [PosixPath('dot'), '-Kdot', '-Tpdf', '-O', 'firesim_topologyno_net_config.gv']
2025-07-29 12:48:53,216 [flush       ] [DEBUG]  [localhost] Executing task 'instance_liveness'
2025-07-29 12:48:53,219 [instance_liv] [INFO ]  [localhost] Checking if host instance is up...
2025-07-29 12:48:53,219 [flush       ] [DEBUG]  [localhost] run: uname -a
2025-07-29 12:48:56,003 [flush       ] [DEBUG]  [localhost] out: Linux draccus.ece.iastate.edu 4.18.0-425.3.1.el8.x86_64 #1 SMP Fri Sep 30 11:45:06 EDT 2022 x86_64 x86_64 x86_64 GNU/Linux
2025-07-29 12:48:56,004 [flush       ] [DEBUG]  [localhost] out: 
2025-07-29 12:48:56,008 [flush       ] [DEBUG]  [localhost] run: echo $SHELL
2025-07-29 12:48:58,332 [flush       ] [DEBUG]  [localhost] out: /bin/bash
2025-07-29 12:48:58,332 [flush       ] [DEBUG]  [localhost] out: 
2025-07-29 12:48:58,360 [downloadURI ] [DEBUG]  Download attempt 1 of 4: 'file:///home/dawud/chipyard/sims/firesim/deploy/results-build/2025-07-22--14-09-10-alveo_u250_firesim_FireSimRocketNLPrefetchWithAccuracy/cl_xilinx_alveo_u250-firesim-FireSim-FireSimRocketNLPrefetchWithAccuracy-WithPrintfSynthesis_BaseXilinxAlveoConfig/firesim.tar.gz' to '/tmp/tmpgmv8or00/addb74703e92f96f34b63fd1b7b83ec5e1533ea52700cccd7ffd0aba9de1e099'
2025-07-29 12:48:58,447 [downloadURI ] [DEBUG]  Successfully fetched 'file:///home/dawud/chipyard/sims/firesim/deploy/results-build/2025-07-22--14-09-10-alveo_u250_firesim_FireSimRocketNLPrefetchWithAccuracy/cl_xilinx_alveo_u250-firesim-FireSim-FireSimRocketNLPrefetchWithAccuracy-WithPrintfSynthesis_BaseXilinxAlveoConfig/firesim.tar.gz' to '/tmp/tmpgmv8or00/addb74703e92f96f34b63fd1b7b83ec5e1533ea52700cccd7ffd0aba9de1e099'
2025-07-29 12:48:58,447 [flush       ] [DEBUG]  [localhost] local: mkdir -p /tmp/tmpgmv8or00/addb74703e92f96f34b63fd1b7b83ec5e1533ea52700cccd7ffd0aba9de1e099-dir
2025-07-29 12:48:58,451 [flush       ] [DEBUG]  [localhost] local: tar xvf /tmp/tmpgmv8or00/addb74703e92f96f34b63fd1b7b83ec5e1533ea52700cccd7ffd0aba9de1e099 -C /tmp/tmpgmv8or00/addb74703e92f96f34b63fd1b7b83ec5e1533ea52700cccd7ffd0aba9de1e099-dir
2025-07-29 12:48:59,035 [flush       ] [DEBUG]  [localhost] local: cat /tmp/tmpgmv8or00/addb74703e92f96f34b63fd1b7b83ec5e1533ea52700cccd7ffd0aba9de1e099-dir/*/metadata
2025-07-29 12:48:59,040 [flush       ] [DEBUG]  [localhost] Executing task 'build_drivers_helper'
2025-07-29 12:48:59,040 [build_sim_dr] [INFO ]  Building FPGA software driver for xilinx_alveo_u250-firesim-FireSim-FireSimRocketNLPrefetchWithAccuracy-WithPrintfSynthesis_BaseXilinxAlveoConfig
2025-07-29 12:48:59,040 [flush       ] [INFO ]  [localhost] local: pwd
2025-07-29 12:48:59,042 [flush       ] [INFO ]  [localhost] run: make PLATFORM=xilinx_alveo_u250 TARGET_PROJECT=firesim DESIGN=FireSim TARGET_CONFIG=FireSimRocketNLPrefetchWithAccuracy PLATFORM_CONFIG=WithPrintfSynthesis_BaseXilinxAlveoConfig xilinx_alveo_u250
2025-07-29 12:49:01,937 [flush       ] [INFO ]  [localhost] out: Running with RISCV=/home/dawud/chipyard/.conda-env/riscv-tools
2025-07-29 12:49:51,633 [flush       ] [INFO ]  [localhost] out: make: Nothing to be done for 'xilinx_alveo_u250'.
2025-07-29 12:49:51,633 [flush       ] [INFO ]  [localhost] out: 
2025-07-29 12:49:51,640 [get_local_sh] [DEBUG]  Identifying ldd dependencies for: ../sim/output//xilinx_alveo_u250/xilinx_alveo_u250-firesim-FireSim-FireSimRocketNLPrefetchWithAccuracy-WithPrintfSynthesis_BaseXilinxAlveoConfig/FireSim-xilinx_alveo_u250
2025-07-29 12:49:52,312 [get_local_sh] [DEBUG]  /lib64/librt.so.1 found in glibc_shared_libs. skipping
2025-07-29 12:49:52,312 [get_local_sh] [DEBUG]  /lib64/libpthread.so.0 found in glibc_shared_libs. skipping
2025-07-29 12:49:52,312 [get_local_sh] [DEBUG]  /lib64/libc.so.6 found in glibc_shared_libs. skipping
2025-07-29 12:49:52,312 [get_local_sh] [DEBUG]  /lib64/libm.so.6 found in glibc_shared_libs. skipping
2025-07-29 12:49:52,312 [get_local_sh] [DEBUG]  /lib64/libdl.so.2 found in glibc_shared_libs. skipping
2025-07-29 12:49:52,312 [flush       ] [INFO ]  [localhost] local: pwd
2025-07-29 12:49:52,314 [flush       ] [INFO ]  [localhost] run: rsync -pthrvz -L ../sim/output//xilinx_alveo_u250/xilinx_alveo_u250-firesim-FireSim-FireSimRocketNLPrefetchWithAccuracy-WithPrintfSynthesis_BaseXilinxAlveoConfig/FireSim-xilinx_alveo_u250 /tmp/tmp6wwh77fd/
2025-07-29 12:49:54,767 [flush       ] [INFO ]  [localhost] out: sending incremental file list
2025-07-29 12:49:54,767 [flush       ] [INFO ]  [localhost] out: FireSim-xilinx_alveo_u250
2025-07-29 12:49:55,174 [flush       ] [INFO ]  [localhost] out: 
2025-07-29 12:49:55,174 [flush       ] [INFO ]  [localhost] out: sent 3.26M bytes  received 35 bytes  2.17M bytes/sec
2025-07-29 12:49:55,174 [flush       ] [INFO ]  [localhost] out: total size is 9.20M  speedup is 2.83
2025-07-29 12:49:55,174 [flush       ] [INFO ]  [localhost] out: 
2025-07-29 12:49:55,181 [flush       ] [INFO ]  [localhost] local: pwd
2025-07-29 12:49:55,183 [flush       ] [INFO ]  [localhost] run: rsync -pthrvz -L /home/dawud/miniforge3/pkgs/libdwarf-0.0.0.20190110_28_ga81397fc4-h753d276_0/lib/libdwarf.so.1.0.0 /tmp/tmp6wwh77fd/libdwarf.so.1
2025-07-29 12:49:57,529 [flush       ] [INFO ]  [localhost] out: sending incremental file list
2025-07-29 12:49:57,529 [flush       ] [INFO ]  [localhost] out: libdwarf.so.1.0.0
2025-07-29 12:49:57,554 [flush       ] [INFO ]  [localhost] out: 
2025-07-29 12:49:57,554 [flush       ] [INFO ]  [localhost] out: sent 189.04K bytes  received 35 bytes  378.14K bytes/sec
2025-07-29 12:49:57,554 [flush       ] [INFO ]  [localhost] out: total size is 486.20K  speedup is 2.57
2025-07-29 12:49:57,555 [flush       ] [INFO ]  [localhost] out: 
2025-07-29 12:49:57,564 [flush       ] [INFO ]  [localhost] local: pwd
2025-07-29 12:49:57,566 [flush       ] [INFO ]  [localhost] run: rsync -pthrvz -L /usr/lib64/libelf-0.188.so /tmp/tmp6wwh77fd/libelf.so.1
2025-07-29 12:49:59,915 [flush       ] [INFO ]  [localhost] out: sending incremental file list
2025-07-29 12:49:59,915 [flush       ] [INFO ]  [localhost] out: libelf-0.188.so
2025-07-29 12:49:59,921 [flush       ] [INFO ]  [localhost] out: 
2025-07-29 12:49:59,921 [flush       ] [INFO ]  [localhost] out: sent 49.79K bytes  received 35 bytes  99.65K bytes/sec
2025-07-29 12:49:59,921 [flush       ] [INFO ]  [localhost] out: total size is 104.83K  speedup is 2.10
2025-07-29 12:49:59,921 [flush       ] [INFO ]  [localhost] out: 
2025-07-29 12:49:59,928 [flush       ] [INFO ]  [localhost] local: pwd
2025-07-29 12:49:59,930 [flush       ] [INFO ]  [localhost] run: rsync -pthrvz -L /home/dawud/miniforge3/lib/libstdc++.so.6.0.34 /tmp/tmp6wwh77fd/libstdc++.so.6
2025-07-29 12:50:02,286 [flush       ] [INFO ]  [localhost] out: sending incremental file list
2025-07-29 12:50:02,287 [flush       ] [INFO ]  [localhost] out: libstdc++.so.6.0.34
2025-07-29 12:50:02,933 [flush       ] [INFO ]  [localhost] out: 
2025-07-29 12:50:02,934 [flush       ] [INFO ]  [localhost] out: sent 5.07M bytes  received 35 bytes  10.15M bytes/sec
2025-07-29 12:50:02,934 [flush       ] [INFO ]  [localhost] out: total size is 14.14M  speedup is 2.79
2025-07-29 12:50:02,934 [flush       ] [INFO ]  [localhost] out: 
2025-07-29 12:50:02,941 [flush       ] [INFO ]  [localhost] local: pwd
2025-07-29 12:50:02,943 [flush       ] [INFO ]  [localhost] run: rsync -pthrvz -L /usr/lib64/libgmp.so.10.3.2 /tmp/tmp6wwh77fd/libgmp.so.10
2025-07-29 12:50:05,298 [flush       ] [INFO ]  [localhost] out: sending incremental file list
2025-07-29 12:50:05,298 [flush       ] [INFO ]  [localhost] out: libgmp.so.10.3.2
2025-07-29 12:50:05,337 [flush       ] [INFO ]  [localhost] out: 
2025-07-29 12:50:05,337 [flush       ] [INFO ]  [localhost] out: sent 313.71K bytes  received 35 bytes  627.50K bytes/sec
2025-07-29 12:50:05,337 [flush       ] [INFO ]  [localhost] out: total size is 1.50M  speedup is 4.79
2025-07-29 12:50:05,337 [flush       ] [INFO ]  [localhost] out: 
2025-07-29 12:50:05,339 [flush       ] [INFO ]  [localhost] local: pwd
2025-07-29 12:50:05,341 [flush       ] [INFO ]  [localhost] run: rsync -pthrvz -L /home/dawud/miniforge3/lib/libgcc_s.so.1 /tmp/tmp6wwh77fd/libgcc_s.so.1
2025-07-29 12:50:07,709 [flush       ] [INFO ]  [localhost] out: sending incremental file list
2025-07-29 12:50:07,709 [flush       ] [INFO ]  [localhost] out: libgcc_s.so.1
2025-07-29 12:50:07,742 [flush       ] [INFO ]  [localhost] out: 
2025-07-29 12:50:07,742 [flush       ] [INFO ]  [localhost] out: sent 246.94K bytes  received 35 bytes  493.95K bytes/sec
2025-07-29 12:50:07,742 [flush       ] [INFO ]  [localhost] out: total size is 653.73K  speedup is 2.65
2025-07-29 12:50:07,742 [flush       ] [INFO ]  [localhost] out: 
2025-07-29 12:50:07,751 [flush       ] [INFO ]  [localhost] local: pwd
2025-07-29 12:50:07,753 [flush       ] [INFO ]  [localhost] run: rsync -pthrvz -L /home/dawud/miniforge3/lib/libz.so.1.3.1 /tmp/tmp6wwh77fd/libz.so.1
2025-07-29 12:50:10,109 [flush       ] [INFO ]  [localhost] out: sending incremental file list
2025-07-29 12:50:10,109 [flush       ] [INFO ]  [localhost] out: libz.so.1.3.1
2025-07-29 12:50:10,115 [flush       ] [INFO ]  [localhost] out: 
2025-07-29 12:50:10,115 [flush       ] [INFO ]  [localhost] out: sent 56.55K bytes  received 35 bytes  113.17K bytes/sec
2025-07-29 12:50:10,115 [flush       ] [INFO ]  [localhost] out: total size is 112.68K  speedup is 1.99
2025-07-29 12:50:10,115 [flush       ] [INFO ]  [localhost] out: 
2025-07-29 12:50:10,124 [flush       ] [INFO ]  [localhost] local: pwd
2025-07-29 12:50:10,126 [flush       ] [DEBUG]  [localhost] local: pwd
2025-07-29 12:50:10,127 [flush       ] [DEBUG]  [localhost] run: mkdir -p /home/dawud/chipyard/sims/firesim/deploy/../sim/output/xilinx_alveo_u250/xilinx_alveo_u250-firesim-FireSim-FireSimRocketNLPrefetchWithAccuracy-WithPrintfSynthesis_BaseXilinxAlveoConfig
2025-07-29 12:50:12,509 [flush       ] [DEBUG]  [localhost] local: pwd
2025-07-29 12:50:12,511 [flush       ] [INFO ]  [localhost] run: find . -mindepth 1 -maxdepth 1 -printf "%P
2025-07-29 12:50:12,511 [flush       ] [INFO ]  " | xargs tar -czvf /home/dawud/chipyard/sims/firesim/deploy/../sim/output/xilinx_alveo_u250/xilinx_alveo_u250-firesim-FireSim-FireSimRocketNLPrefetchWithAccuracy-WithPrintfSynthesis_BaseXilinxAlveoConfig/driver-bundle.tar.gz
2025-07-29 12:50:14,878 [flush       ] [INFO ]  [localhost] out: FireSim-xilinx_alveo_u250
2025-07-29 12:50:15,250 [flush       ] [INFO ]  [localhost] out: libdwarf.so.1
2025-07-29 12:50:15,271 [flush       ] [INFO ]  [localhost] out: libelf.so.1
2025-07-29 12:50:15,275 [flush       ] [INFO ]  [localhost] out: libstdc++.so.6
2025-07-29 12:50:15,879 [flush       ] [INFO ]  [localhost] out: libgmp.so.10
2025-07-29 12:50:15,913 [flush       ] [INFO ]  [localhost] out: libgcc_s.so.1
2025-07-29 12:50:15,940 [flush       ] [INFO ]  [localhost] out: libz.so.1
2025-07-29 12:50:15,976 [flush       ] [INFO ]  [localhost] out: 
2025-07-29 12:50:15,989 [flush       ] [DEBUG]  [localhost] Executing task 'infrasetup_node_wrapper'
2025-07-29 12:50:15,991 [instance_log] [INFO ]  [localhost] Copying FPGA simulation infrastructure for slot: 0.
2025-07-29 12:50:15,991 [flush       ] [DEBUG]  [localhost] run: mkdir -p /home/dawud/chipyard/FIRESIM_RUNS_DIR/sim_slot_0/rsyncdir/
2025-07-29 12:50:18,439 [flush       ] [DEBUG]  [localhost] local: pwd
2025-07-29 12:50:18,442 [flush       ] [DEBUG]  [localhost] rsync_project: rsync  -pthrvz -L --rsh='ssh   -o StrictHostKeyChecking=no ' workloads/linux-uniform/br-base.img dawud@localhost:/home/dawud/chipyard/FIRESIM_RUNS_DIR/sim_slot_0/rsyncdir/linux-uniform0-br-base.img
2025-07-29 12:50:18,442 [flush       ] [DEBUG]  [localhost] local: rsync  -pthrvz -L --rsh='ssh   -o StrictHostKeyChecking=no ' workloads/linux-uniform/br-base.img dawud@localhost:/home/dawud/chipyard/FIRESIM_RUNS_DIR/sim_slot_0/rsyncdir/linux-uniform0-br-base.img
2025-07-29 12:51:43,739 [flush       ] [INFO ]  Fatal error: local() encountered an error (return code 23) while executing 'rsync  -pthrvz -L --rsh='ssh   -o StrictHostKeyChecking=no ' workloads/linux-uniform/br-base.img dawud@localhost:/home/dawud/chipyard/FIRESIM_RUNS_DIR/sim_slot_0/rsyncdir/linux-uniform0-br-base.img'
2025-07-29 12:51:43,739 [flush       ] [INFO ]  =============================== Standard output ===============================
2025-07-29 12:51:43,739 [flush       ] [INFO ]  sending incremental file list
2025-07-29 12:51:43,739 [flush       ] [INFO ]  sent 18 bytes  received 12 bytes  0.35 bytes/sec
2025-07-29 12:51:43,739 [flush       ] [INFO ]  total size is 0  speedup is 0.00
2025-07-29 12:51:43,739 [flush       ] [INFO ]  ================================================================================
2025-07-29 12:51:43,739 [flush       ] [INFO ]  ================================ Standard error ================================
2025-07-29 12:51:43,739 [flush       ] [INFO ]  rsync: [sender] link_stat "/home/dawud/chipyard/sims/firesim/deploy/workloads/linux-uniform/br-base.img" failed: No such file or directory (2)
2025-07-29 12:51:43,739 [flush       ] [INFO ]  rsync error: some files/attrs were not transferred (see previous errors) (code 23) at main.c(1336) [sender=3.2.7]
2025-07-29 12:51:43,739 [flush       ] [INFO ]  ================================================================================
2025-07-29 12:51:43,740 [flush       ] [INFO ]  Aborting.
2025-07-29 12:51:43,756 [flush       ] [INFO ]  Fatal error: One or more hosts failed while executing task 'infrasetup_node_wrapper'
2025-07-29 12:51:43,756 [flush       ] [INFO ]  Aborting.
2025-07-29 12:51:43,764 [<module>    ] [ERROR]  Fatal error.
Traceback (most recent call last):
  File "/home/dawud/chipyard/sims/firesim/deploy/firesim", line 530, in <module>
    main(args)
  File "/home/dawud/chipyard/sims/firesim/deploy/firesim", line 469, in main
    t['task'](t['config'](args))
  File "/home/dawud/chipyard/sims/firesim/deploy/firesim", line 243, in infrasetup
    runtime_conf.infrasetup()
  File "/home/dawud/chipyard/sims/firesim/deploy/runtools/runtime_config.py", line 890, in infrasetup
    self.firesim_topology_with_passes.infrasetup_passes(use_mock_instances_for_testing)
  File "/home/dawud/chipyard/sims/firesim/deploy/runtools/firesim_topology_with_passes.py", line 448, in infrasetup_passes
    execute(infrasetup_node_wrapper, self.run_farm, uridir, hosts=all_run_farm_ips)
  File "/home/dawud/chipyard/.conda-env/lib/python3.10/site-packages/fabric/tasks.py", line 392, in execute
    error(err)
  File "/home/dawud/chipyard/.conda-env/lib/python3.10/site-packages/fabric/utils.py", line 357, in error
    return func(message)
  File "/home/dawud/chipyard/.conda-env/lib/python3.10/site-packages/fabric/utils.py", line 65, in abort
    raise e
SystemExit: 1
2025-07-29 12:51:43,770 [<module>    ] [INFO ]  The full log of this run is:
/home/dawud/chipyard/sims/firesim/deploy/logs/2025-07-29--17-48-52-infrasetup-471L1ZAFYEOMZGB7.log
