2025-07-29 16:12:39,860 [main        ] [INFO ]  FireSim Manager. Docs: https://docs.fires.im
Running: infrasetup

2025-07-29 16:12:39,867 [__init__    ] [DEBUG]  {'config_file_name': 'config_hwdb.yaml',
 'hwconf_dict': {'alveo_u200_firesim_rocket_singlecore_no_nic': <runtools.runtime_config.RuntimeHWConfig object at 0x7fa758c1c970>,
                 'alveo_u250_firesim_FireSimRocketNLPrefetchWithAccuracy': <runtools.runtime_config.RuntimeHWConfig object at 0x7fa758c1cf10>,
                 'alveo_u250_firesim_gemmini_rocket_singlecore_no_nic': <runtools.runtime_config.RuntimeHWConfig object at 0x7fa758c1c820>,
                 'alveo_u250_firesim_rocket_singlecore_no_nic': <runtools.runtime_config.RuntimeHWConfig object at 0x7fa758c1c5b0>,
                 'alveo_u280_firesim_rocket_singlecore_no_nic': <runtools.runtime_config.RuntimeHWConfig object at 0x7fa758c1cca0>,
                 'firesim_boom_singlecore_nic_l2_llc4mb_ddr3': <runtools.runtime_config.RuntimeHWConfig object at 0x7fa758c1c430>,
                 'firesim_boom_singlecore_no_nic_l2_llc4mb_ddr3': <runtools.runtime_config.RuntimeHWConfig object at 0x7fa758c1c1c0>,
                 'firesim_gemmini_printf_rocket_singlecore_no_nic': <runtools.runtime_config.RuntimeHWConfig object at 0x7fa758c1c250>,
                 'firesim_gemmini_rocket_singlecore_no_nic': <runtools.runtime_config.RuntimeHWConfig object at 0x7fa758c1c160>,
                 'firesim_rocket_quadcore_nic_l2_llc4mb_ddr3': <runtools.runtime_config.RuntimeHWConfig object at 0x7fa758c1c070>,
                 'firesim_rocket_quadcore_no_nic_l2_llc4mb_ddr3': <runtools.runtime_config.RuntimeHWConfig object at 0x7fa758c1c400>,
                 'firesim_rocket_singlecore_no_nic_l2_lbp': <runtools.runtime_config.RuntimeHWConfig object at 0x7fa758c1c520>,
                 'firesim_rocket_singlecore_sha3_nic_l2_llc4mb_ddr3': <runtools.runtime_config.RuntimeHWConfig object at 0x7fa758c1c370>,
                 'firesim_rocket_singlecore_sha3_no_nic_l2_llc4mb_ddr3': <runtools.runtime_config.RuntimeHWConfig object at 0x7fa758c1c2e0>,
                 'firesim_rocket_singlecore_sha3_no_nic_l2_llc4mb_ddr3_printf': <runtools.runtime_config.RuntimeHWConfig object at 0x7fa758c1c4f0>,
                 'firesim_supernode_rocket_singlecore_nic_l2_lbp': <runtools.runtime_config.RuntimeHWConfig object at 0x7fa758c1c760>,
                 'nitefury_firesim_rocket_singlecore_no_nic': <runtools.runtime_config.RuntimeHWConfig object at 0x7fa758c1ccd0>,
                 'vitis_firesim_gemmini_rocket_singlecore_no_nic': <runtools.runtime_config.RuntimeHWConfig object at 0x7fa758c1c880>,
                 'vitis_firesim_rocket_singlecore_no_nic': <runtools.runtime_config.RuntimeHWConfig object at 0x7fa758c1c790>,
                 'xilinx_vcu118_firesim_rocket_singlecore_4GB_no_nic': <runtools.runtime_config.RuntimeHWConfig object at 0x7fa758c1cc10>},
 'simulation_mode_string': 'FPGA simulation'}
2025-07-29 16:12:39,879 [__init__    ] [DEBUG]  {'autocounter_config': AutoCounterConfig(readrate=0),
 'default_plusarg_passthrough': '',
 'defaulthwconfig': 'alveo_u250_firesim_FireSimRocketNLPrefetchWithAccuracy',
 'hostdebug_config': HostDebugConfig(zero_out_dram=False,
                                     disable_synth_asserts=False),
 'linklatency': 6405,
 'metasimulation_enabled': False,
 'metasimulation_host_simulator': 'verilator',
 'metasimulation_only_plusargs': '+fesvr-step-size=128 +max-cycles=100000000',
 'metasimulation_only_vcs_plusargs': '+vcs+initreg+0 +vcs+initmem+0',
 'netbandwidth': 200,
 'no_net_num_nodes': 1,
 'profileinterval': -1,
 'run_farm_dispatcher': <runtools.run_farm.ExternallyProvisioned object at 0x7fa758be6ce0>,
 'suffixtag': None,
 'switchinglatency': 10,
 'synthprint_config': SynthPrintConfig(start=0, end=-1, cycle_prefix=True),
 'terminateoncompletion': False,
 'topology': 'no_net_config',
 'tracerv_config': TracerVConfig(enable=False,
                                 select=1,
                                 start=0,
                                 end=-1,
                                 output_format=0),
 'workload_name': 'linux-uniform.json'}
2025-07-29 16:12:39,901 [__init__    ] [DEBUG]  {'config_file_name': 'config_build_recipes.yaml',
 'hwconf_dict': {'alveo_u200_firesim_rocket_singlecore_no_nic': <runtools.runtime_config.RuntimeBuildRecipeConfig object at 0x7fa758c1d4e0>,
                 'alveo_u250_firesim_FireSimRocketNLPrefetchWithAccuracy': <runtools.runtime_config.RuntimeBuildRecipeConfig object at 0x7fa758c1d0f0>,
                 'alveo_u250_firesim_FireSimRocketPrefetchTemplate': <runtools.runtime_config.RuntimeBuildRecipeConfig object at 0x7fa758c1dcc0>,
                 'alveo_u250_firesim_gemmini_rocket_singlecore_no_nic': <runtools.runtime_config.RuntimeBuildRecipeConfig object at 0x7fa758c1d0c0>,
                 'alveo_u250_firesim_rocket_singlecore_no_nic': <runtools.runtime_config.RuntimeBuildRecipeConfig object at 0x7fa758c1d120>,
                 'alveo_u280_firesim_rocket_singlecore_no_nic': <runtools.runtime_config.RuntimeBuildRecipeConfig object at 0x7fa758c1d330>,
                 'firesim_boom_singlecore_nic_l2_llc4mb_ddr3': <runtools.runtime_config.RuntimeBuildRecipeConfig object at 0x7fa758c1d090>,
                 'firesim_boom_singlecore_no_nic_l2_llc4mb_ddr3': <runtools.runtime_config.RuntimeBuildRecipeConfig object at 0x7fa758c1d3c0>,
                 'firesim_boom_singlecore_no_nic_l2_llc4mb_ddr3_ramopts': <runtools.runtime_config.RuntimeBuildRecipeConfig object at 0x7fa758c1d390>,
                 'firesim_cva6_singlecore_no_nic_l2_llc4mb_ddr3': <runtools.runtime_config.RuntimeBuildRecipeConfig object at 0x7fa758c1d210>,
                 'firesim_gemmini_printf_rocket_singlecore_no_nic': <runtools.runtime_config.RuntimeBuildRecipeConfig object at 0x7fa758c1ceb0>,
                 'firesim_gemmini_rocket_singlecore_no_nic': <runtools.runtime_config.RuntimeBuildRecipeConfig object at 0x7fa758c1dc30>,
                 'firesim_rocket_quadcore_nic_l2_llc4mb_ddr3': <runtools.runtime_config.RuntimeBuildRecipeConfig object at 0x7fa758c1e3b0>,
                 'firesim_rocket_quadcore_no_nic_l2_llc4mb_ddr3': <runtools.runtime_config.RuntimeBuildRecipeConfig object at 0x7fa758c1cee0>,
                 'firesim_rocket_singlecore_gemmini_no_nic_l2_llc4mb_ddr3': <runtools.runtime_config.RuntimeBuildRecipeConfig object at 0x7fa758c1ce20>,
                 'firesim_rocket_singlecore_no_nic_l2_lbp': <runtools.runtime_config.RuntimeBuildRecipeConfig object at 0x7fa758c1d240>,
                 'firesim_rocket_singlecore_sha3_nic_l2_llc4mb_ddr3': <runtools.runtime_config.RuntimeBuildRecipeConfig object at 0x7fa758c1d1e0>,
                 'firesim_rocket_singlecore_sha3_no_nic_l2_llc4mb_ddr3': <runtools.runtime_config.RuntimeBuildRecipeConfig object at 0x7fa758c1c550>,
                 'firesim_rocket_singlecore_sha3_no_nic_l2_llc4mb_ddr3_printf': <runtools.runtime_config.RuntimeBuildRecipeConfig object at 0x7fa758c1d2a0>,
                 'firesim_supernode_rocket_singlecore_nic_l2_lbp': <runtools.runtime_config.RuntimeBuildRecipeConfig object at 0x7fa758c1d780>,
                 'midasexamples_gcd': <runtools.runtime_config.RuntimeBuildRecipeConfig object at 0x7fa758c1d720>,
                 'nitefury_firesim_rocket_singlecore_no_nic': <runtools.runtime_config.RuntimeBuildRecipeConfig object at 0x7fa758c1d300>,
                 'vitis_firesim_rocket_singlecore_no_nic': <runtools.runtime_config.RuntimeBuildRecipeConfig object at 0x7fa758c1d2d0>,
                 'xilinx_vcu118_firesim_rocket_singlecore_4GB_no_nic': <runtools.runtime_config.RuntimeBuildRecipeConfig object at 0x7fa758c1d480>},
 'simulation_mode_string': 'Metasimulation'}
2025-07-29 16:12:39,916 [decorator   ] [DEBUG]  deprecate positional args: graphviz.backend.piping.pipe(['renderer', 'formatter', 'neato_no_op', 'quiet'])
2025-07-29 16:12:39,917 [decorator   ] [DEBUG]  deprecate positional args: graphviz.backend.rendering.render(['renderer', 'formatter', 'neato_no_op', 'quiet'])
2025-07-29 16:12:39,919 [decorator   ] [DEBUG]  deprecate positional args: graphviz.backend.unflattening.unflatten(['stagger', 'fanout', 'chain', 'encoding'])
2025-07-29 16:12:39,919 [decorator   ] [DEBUG]  deprecate positional args: graphviz.backend.viewing.view(['quiet'])
2025-07-29 16:12:39,923 [decorator   ] [DEBUG]  deprecate positional args: graphviz.quoting.quote(['is_html_string', 'is_valid_id', 'dot_keywords', 'endswith_odd_number_of_backslashes', 'escape_unescaped_quotes'])
2025-07-29 16:12:39,923 [decorator   ] [DEBUG]  deprecate positional args: graphviz.quoting.a_list(['kwargs', 'attributes'])
2025-07-29 16:12:39,923 [decorator   ] [DEBUG]  deprecate positional args: graphviz.quoting.attr_list(['kwargs', 'attributes'])
2025-07-29 16:12:39,924 [decorator   ] [DEBUG]  deprecate positional args: graphviz.dot.Dot.clear(['keep_attrs'])
2025-07-29 16:12:39,924 [decorator   ] [DEBUG]  deprecate positional args: graphviz.dot.Dot.__iter__(['subgraph'])
2025-07-29 16:12:39,924 [decorator   ] [DEBUG]  deprecate positional args: graphviz.dot.Dot.node(['_attributes'])
2025-07-29 16:12:39,924 [decorator   ] [DEBUG]  deprecate positional args: graphviz.dot.Dot.edge(['_attributes'])
2025-07-29 16:12:39,924 [decorator   ] [DEBUG]  deprecate positional args: graphviz.dot.Dot.attr(['_attributes'])
2025-07-29 16:12:39,924 [decorator   ] [DEBUG]  deprecate positional args: graphviz.dot.Dot.subgraph(['name', 'comment', 'graph_attr', 'node_attr', 'edge_attr', 'body'])
2025-07-29 16:12:39,925 [decorator   ] [DEBUG]  deprecate positional args: graphviz.piping.Pipe._pipe_legacy(['renderer', 'formatter', 'neato_no_op', 'quiet'])
2025-07-29 16:12:39,927 [decorator   ] [DEBUG]  deprecate positional args: graphviz.saving.Save.save(['directory'])
2025-07-29 16:12:39,927 [decorator   ] [DEBUG]  deprecate positional args: graphviz.rendering.Render.render(['directory', 'view', 'cleanup', 'format', 'renderer', 'formatter', 'neato_no_op', 'quiet', 'quiet_view'])
2025-07-29 16:12:39,927 [decorator   ] [DEBUG]  deprecate positional args: graphviz.rendering.Render.view(['directory', 'cleanup', 'quiet', 'quiet_view'])
2025-07-29 16:12:39,928 [decorator   ] [DEBUG]  deprecate positional args: graphviz.unflattening.Unflatten.unflatten(['stagger', 'fanout', 'chain'])
2025-07-29 16:12:39,928 [decorator   ] [DEBUG]  deprecate positional args: graphviz.graphs.BaseGraph.__init__(['comment', 'filename', 'directory', 'format', 'engine', 'encoding', 'graph_attr', 'node_attr', 'edge_attr', 'body', 'strict'])
2025-07-29 16:12:39,929 [decorator   ] [DEBUG]  deprecate positional args: graphviz.sources.Source.from_file(['directory', 'format', 'engine', 'encoding', 'renderer', 'formatter'])
2025-07-29 16:12:39,929 [decorator   ] [DEBUG]  deprecate positional args: graphviz.sources.Source.__init__(['filename', 'directory', 'format', 'engine', 'encoding'])
2025-07-29 16:12:39,929 [decorator   ] [DEBUG]  deprecate positional args: graphviz.sources.Source.save(['directory'])
2025-07-29 16:12:39,929 [mkdirs      ] [DEBUG]  os.makedirs('generated-topology-diagrams')
2025-07-29 16:12:39,929 [save        ] [DEBUG]  write lines to 'generated-topology-diagrams/firesim_topologyno_net_config.gv'
2025-07-29 16:12:39,930 [run_check   ] [DEBUG]  run [PosixPath('dot'), '-Kdot', '-Tpdf', '-O', 'firesim_topologyno_net_config.gv']
2025-07-29 16:12:40,004 [flush       ] [DEBUG]  [localhost] Executing task 'instance_liveness'
2025-07-29 16:12:40,007 [instance_liv] [INFO ]  [localhost] Checking if host instance is up...
2025-07-29 16:12:40,007 [flush       ] [DEBUG]  [localhost] run: uname -a
2025-07-29 16:12:42,805 [flush       ] [DEBUG]  [localhost] out: Linux draccus.ece.iastate.edu 4.18.0-425.3.1.el8.x86_64 #1 SMP Fri Sep 30 11:45:06 EDT 2022 x86_64 x86_64 x86_64 GNU/Linux
2025-07-29 16:12:42,806 [flush       ] [DEBUG]  [localhost] out: 
2025-07-29 16:12:42,810 [flush       ] [DEBUG]  [localhost] run: echo $SHELL
2025-07-29 16:12:45,139 [flush       ] [DEBUG]  [localhost] out: /bin/bash
2025-07-29 16:12:45,139 [flush       ] [DEBUG]  [localhost] out: 
2025-07-29 16:12:45,168 [downloadURI ] [DEBUG]  Download attempt 1 of 4: 'file:///home/dawud/chipyard/sims/firesim/deploy/results-build/2025-07-22--14-09-10-alveo_u250_firesim_FireSimRocketNLPrefetchWithAccuracy/cl_xilinx_alveo_u250-firesim-FireSim-FireSimRocketNLPrefetchWithAccuracy-WithPrintfSynthesis_BaseXilinxAlveoConfig/firesim.tar.gz' to '/tmp/tmplk1wy728/addb74703e92f96f34b63fd1b7b83ec5e1533ea52700cccd7ffd0aba9de1e099'
2025-07-29 16:12:45,176 [downloadURI ] [DEBUG]  Successfully fetched 'file:///home/dawud/chipyard/sims/firesim/deploy/results-build/2025-07-22--14-09-10-alveo_u250_firesim_FireSimRocketNLPrefetchWithAccuracy/cl_xilinx_alveo_u250-firesim-FireSim-FireSimRocketNLPrefetchWithAccuracy-WithPrintfSynthesis_BaseXilinxAlveoConfig/firesim.tar.gz' to '/tmp/tmplk1wy728/addb74703e92f96f34b63fd1b7b83ec5e1533ea52700cccd7ffd0aba9de1e099'
2025-07-29 16:12:45,176 [flush       ] [DEBUG]  [localhost] local: mkdir -p /tmp/tmplk1wy728/addb74703e92f96f34b63fd1b7b83ec5e1533ea52700cccd7ffd0aba9de1e099-dir
2025-07-29 16:12:45,179 [flush       ] [DEBUG]  [localhost] local: tar xvf /tmp/tmplk1wy728/addb74703e92f96f34b63fd1b7b83ec5e1533ea52700cccd7ffd0aba9de1e099 -C /tmp/tmplk1wy728/addb74703e92f96f34b63fd1b7b83ec5e1533ea52700cccd7ffd0aba9de1e099-dir
2025-07-29 16:12:45,763 [flush       ] [DEBUG]  [localhost] local: cat /tmp/tmplk1wy728/addb74703e92f96f34b63fd1b7b83ec5e1533ea52700cccd7ffd0aba9de1e099-dir/*/metadata
2025-07-29 16:12:45,766 [flush       ] [DEBUG]  [localhost] Executing task 'build_drivers_helper'
2025-07-29 16:12:45,766 [build_sim_dr] [INFO ]  Building FPGA software driver for xilinx_alveo_u250-firesim-FireSim-FireSimRocketNLPrefetchWithAccuracy-WithPrintfSynthesis_BaseXilinxAlveoConfig
2025-07-29 16:12:45,766 [flush       ] [INFO ]  [localhost] local: pwd
2025-07-29 16:12:45,768 [flush       ] [INFO ]  [localhost] run: make PLATFORM=xilinx_alveo_u250 TARGET_PROJECT=firesim DESIGN=FireSim TARGET_CONFIG=FireSimRocketNLPrefetchWithAccuracy PLATFORM_CONFIG=WithPrintfSynthesis_BaseXilinxAlveoConfig xilinx_alveo_u250
2025-07-29 16:12:48,691 [flush       ] [INFO ]  [localhost] out: Running with RISCV=/home/dawud/chipyard/.conda-env/riscv-tools
2025-07-29 16:13:35,752 [flush       ] [INFO ]  [localhost] out: make: Nothing to be done for 'xilinx_alveo_u250'.
2025-07-29 16:13:35,752 [flush       ] [INFO ]  [localhost] out: 
2025-07-29 16:13:35,761 [get_local_sh] [DEBUG]  Identifying ldd dependencies for: ../sim/output//xilinx_alveo_u250/xilinx_alveo_u250-firesim-FireSim-FireSimRocketNLPrefetchWithAccuracy-WithPrintfSynthesis_BaseXilinxAlveoConfig/FireSim-xilinx_alveo_u250
2025-07-29 16:13:36,439 [get_local_sh] [DEBUG]  /lib64/librt.so.1 found in glibc_shared_libs. skipping
2025-07-29 16:13:36,439 [get_local_sh] [DEBUG]  /lib64/libpthread.so.0 found in glibc_shared_libs. skipping
2025-07-29 16:13:36,439 [get_local_sh] [DEBUG]  /lib64/libc.so.6 found in glibc_shared_libs. skipping
2025-07-29 16:13:36,439 [get_local_sh] [DEBUG]  /lib64/libm.so.6 found in glibc_shared_libs. skipping
2025-07-29 16:13:36,439 [get_local_sh] [DEBUG]  /lib64/libdl.so.2 found in glibc_shared_libs. skipping
2025-07-29 16:13:36,439 [flush       ] [INFO ]  [localhost] local: pwd
2025-07-29 16:13:36,441 [flush       ] [INFO ]  [localhost] run: rsync -pthrvz -L ../sim/output//xilinx_alveo_u250/xilinx_alveo_u250-firesim-FireSim-FireSimRocketNLPrefetchWithAccuracy-WithPrintfSynthesis_BaseXilinxAlveoConfig/FireSim-xilinx_alveo_u250 /tmp/tmpb7jcidm_/
2025-07-29 16:13:38,778 [flush       ] [INFO ]  [localhost] out: sending incremental file list
2025-07-29 16:13:38,778 [flush       ] [INFO ]  [localhost] out: FireSim-xilinx_alveo_u250
2025-07-29 16:13:39,153 [flush       ] [INFO ]  [localhost] out: 
2025-07-29 16:13:39,154 [flush       ] [INFO ]  [localhost] out: sent 3.26M bytes  received 35 bytes  2.17M bytes/sec
2025-07-29 16:13:39,154 [flush       ] [INFO ]  [localhost] out: total size is 9.20M  speedup is 2.83
2025-07-29 16:13:39,154 [flush       ] [INFO ]  [localhost] out: 
2025-07-29 16:13:39,161 [flush       ] [INFO ]  [localhost] local: pwd
2025-07-29 16:13:39,164 [flush       ] [INFO ]  [localhost] run: rsync -pthrvz -L /home/dawud/miniforge3/pkgs/libdwarf-0.0.0.20190110_28_ga81397fc4-h753d276_0/lib/libdwarf.so.1.0.0 /tmp/tmpb7jcidm_/libdwarf.so.1
2025-07-29 16:13:41,755 [flush       ] [INFO ]  [localhost] out: sending incremental file list
2025-07-29 16:13:41,756 [flush       ] [INFO ]  [localhost] out: libdwarf.so.1.0.0
2025-07-29 16:13:41,779 [flush       ] [INFO ]  [localhost] out: 
2025-07-29 16:13:41,780 [flush       ] [INFO ]  [localhost] out: sent 189.04K bytes  received 35 bytes  378.14K bytes/sec
2025-07-29 16:13:41,780 [flush       ] [INFO ]  [localhost] out: total size is 486.20K  speedup is 2.57
2025-07-29 16:13:41,780 [flush       ] [INFO ]  [localhost] out: 
2025-07-29 16:13:41,789 [flush       ] [INFO ]  [localhost] local: pwd
2025-07-29 16:13:41,791 [flush       ] [INFO ]  [localhost] run: rsync -pthrvz -L /usr/lib64/libelf-0.188.so /tmp/tmpb7jcidm_/libelf.so.1
2025-07-29 16:13:44,171 [flush       ] [INFO ]  [localhost] out: sending incremental file list
2025-07-29 16:13:44,171 [flush       ] [INFO ]  [localhost] out: libelf-0.188.so
2025-07-29 16:13:44,177 [flush       ] [INFO ]  [localhost] out: 
2025-07-29 16:13:44,177 [flush       ] [INFO ]  [localhost] out: sent 49.79K bytes  received 35 bytes  99.65K bytes/sec
2025-07-29 16:13:44,177 [flush       ] [INFO ]  [localhost] out: total size is 104.83K  speedup is 2.10
2025-07-29 16:13:44,177 [flush       ] [INFO ]  [localhost] out: 
2025-07-29 16:13:44,185 [flush       ] [INFO ]  [localhost] local: pwd
2025-07-29 16:13:44,187 [flush       ] [INFO ]  [localhost] run: rsync -pthrvz -L /home/dawud/miniforge3/lib/libstdc++.so.6.0.34 /tmp/tmpb7jcidm_/libstdc++.so.6
2025-07-29 16:13:46,557 [flush       ] [INFO ]  [localhost] out: sending incremental file list
2025-07-29 16:13:46,557 [flush       ] [INFO ]  [localhost] out: libstdc++.so.6.0.34
2025-07-29 16:13:47,159 [flush       ] [INFO ]  [localhost] out: 
2025-07-29 16:13:47,159 [flush       ] [INFO ]  [localhost] out: sent 5.07M bytes  received 35 bytes  3.38M bytes/sec
2025-07-29 16:13:47,159 [flush       ] [INFO ]  [localhost] out: total size is 14.14M  speedup is 2.79
2025-07-29 16:13:47,159 [flush       ] [INFO ]  [localhost] out: 
2025-07-29 16:13:47,168 [flush       ] [INFO ]  [localhost] local: pwd
2025-07-29 16:13:47,170 [flush       ] [INFO ]  [localhost] run: rsync -pthrvz -L /usr/lib64/libgmp.so.10.3.2 /tmp/tmpb7jcidm_/libgmp.so.10
2025-07-29 16:13:49,543 [flush       ] [INFO ]  [localhost] out: sending incremental file list
2025-07-29 16:13:49,543 [flush       ] [INFO ]  [localhost] out: libgmp.so.10.3.2
2025-07-29 16:13:49,580 [flush       ] [INFO ]  [localhost] out: 
2025-07-29 16:13:49,580 [flush       ] [INFO ]  [localhost] out: sent 313.71K bytes  received 35 bytes  627.50K bytes/sec
2025-07-29 16:13:49,580 [flush       ] [INFO ]  [localhost] out: total size is 1.50M  speedup is 4.79
2025-07-29 16:13:49,580 [flush       ] [INFO ]  [localhost] out: 
2025-07-29 16:13:49,584 [flush       ] [INFO ]  [localhost] local: pwd
2025-07-29 16:13:49,586 [flush       ] [INFO ]  [localhost] run: rsync -pthrvz -L /home/dawud/miniforge3/lib/libgcc_s.so.1 /tmp/tmpb7jcidm_/libgcc_s.so.1
2025-07-29 16:13:51,959 [flush       ] [INFO ]  [localhost] out: sending incremental file list
2025-07-29 16:13:51,959 [flush       ] [INFO ]  [localhost] out: libgcc_s.so.1
2025-07-29 16:13:51,990 [flush       ] [INFO ]  [localhost] out: 
2025-07-29 16:13:51,990 [flush       ] [INFO ]  [localhost] out: sent 246.94K bytes  received 35 bytes  493.95K bytes/sec
2025-07-29 16:13:51,991 [flush       ] [INFO ]  [localhost] out: total size is 653.73K  speedup is 2.65
2025-07-29 16:13:51,991 [flush       ] [INFO ]  [localhost] out: 
2025-07-29 16:13:51,996 [flush       ] [INFO ]  [localhost] local: pwd
2025-07-29 16:13:51,998 [flush       ] [INFO ]  [localhost] run: rsync -pthrvz -L /home/dawud/miniforge3/lib/libz.so.1.3.1 /tmp/tmpb7jcidm_/libz.so.1
2025-07-29 16:13:54,364 [flush       ] [INFO ]  [localhost] out: sending incremental file list
2025-07-29 16:13:54,364 [flush       ] [INFO ]  [localhost] out: libz.so.1.3.1
2025-07-29 16:13:54,370 [flush       ] [INFO ]  [localhost] out: 
2025-07-29 16:13:54,370 [flush       ] [INFO ]  [localhost] out: sent 56.55K bytes  received 35 bytes  113.17K bytes/sec
2025-07-29 16:13:54,370 [flush       ] [INFO ]  [localhost] out: total size is 112.68K  speedup is 1.99
2025-07-29 16:13:54,370 [flush       ] [INFO ]  [localhost] out: 
2025-07-29 16:13:54,376 [flush       ] [INFO ]  [localhost] local: pwd
2025-07-29 16:13:54,378 [flush       ] [DEBUG]  [localhost] local: pwd
2025-07-29 16:13:54,380 [flush       ] [DEBUG]  [localhost] run: mkdir -p /home/dawud/chipyard/sims/firesim/deploy/../sim/output/xilinx_alveo_u250/xilinx_alveo_u250-firesim-FireSim-FireSimRocketNLPrefetchWithAccuracy-WithPrintfSynthesis_BaseXilinxAlveoConfig
2025-07-29 16:13:56,754 [flush       ] [DEBUG]  [localhost] local: pwd
2025-07-29 16:13:56,756 [flush       ] [INFO ]  [localhost] run: find . -mindepth 1 -maxdepth 1 -printf "%P
2025-07-29 16:13:56,756 [flush       ] [INFO ]  " | xargs tar -czvf /home/dawud/chipyard/sims/firesim/deploy/../sim/output/xilinx_alveo_u250/xilinx_alveo_u250-firesim-FireSim-FireSimRocketNLPrefetchWithAccuracy-WithPrintfSynthesis_BaseXilinxAlveoConfig/driver-bundle.tar.gz
2025-07-29 16:13:59,129 [flush       ] [INFO ]  [localhost] out: FireSim-xilinx_alveo_u250
2025-07-29 16:13:59,502 [flush       ] [INFO ]  [localhost] out: libdwarf.so.1
2025-07-29 16:13:59,523 [flush       ] [INFO ]  [localhost] out: libelf.so.1
2025-07-29 16:13:59,527 [flush       ] [INFO ]  [localhost] out: libstdc++.so.6
2025-07-29 16:14:00,130 [flush       ] [INFO ]  [localhost] out: libgmp.so.10
2025-07-29 16:14:00,164 [flush       ] [INFO ]  [localhost] out: libgcc_s.so.1
2025-07-29 16:14:00,191 [flush       ] [INFO ]  [localhost] out: libz.so.1
2025-07-29 16:14:00,233 [flush       ] [INFO ]  [localhost] out: 
2025-07-29 16:14:00,245 [flush       ] [DEBUG]  [localhost] Executing task 'infrasetup_node_wrapper'
2025-07-29 16:14:00,249 [instance_log] [INFO ]  [localhost] Copying FPGA simulation infrastructure for slot: 0.
2025-07-29 16:14:00,249 [flush       ] [DEBUG]  [localhost] run: mkdir -p /home/dawud/chipyard/FIRESIM_RUNS_DIR/sim_slot_0/rsyncdir/
2025-07-29 16:14:02,733 [flush       ] [DEBUG]  [localhost] local: pwd
2025-07-29 16:14:02,736 [flush       ] [DEBUG]  [localhost] rsync_project: rsync  -pthrvz -L --rsh='ssh   -o StrictHostKeyChecking=no ' workloads/linux-uniform/br-base.img dawud@localhost:/home/dawud/chipyard/FIRESIM_RUNS_DIR/sim_slot_0/rsyncdir/linux-uniform0-br-base.img
2025-07-29 16:14:02,736 [flush       ] [DEBUG]  [localhost] local: rsync  -pthrvz -L --rsh='ssh   -o StrictHostKeyChecking=no ' workloads/linux-uniform/br-base.img dawud@localhost:/home/dawud/chipyard/FIRESIM_RUNS_DIR/sim_slot_0/rsyncdir/linux-uniform0-br-base.img
2025-07-29 16:15:32,178 [copy_sim_slo] [DEBUG]  sending incremental file list
br-base.img

sent 10.46M bytes  received 35 bytes  115.53K bytes/sec
total size is 302.11M  speedup is 28.90
2025-07-29 16:15:32,178 [copy_sim_slo] [DEBUG]  
2025-07-29 16:15:32,179 [flush       ] [DEBUG]  [localhost] rsync_project: rsync  -pthrvz -L --rsh='ssh   -o StrictHostKeyChecking=no ' workloads/linux-uniform/br-base-bin dawud@localhost:/home/dawud/chipyard/FIRESIM_RUNS_DIR/sim_slot_0/rsyncdir/linux-uniform0-br-base-bin
2025-07-29 16:15:32,179 [flush       ] [DEBUG]  [localhost] local: rsync  -pthrvz -L --rsh='ssh   -o StrictHostKeyChecking=no ' workloads/linux-uniform/br-base-bin dawud@localhost:/home/dawud/chipyard/FIRESIM_RUNS_DIR/sim_slot_0/rsyncdir/linux-uniform0-br-base-bin
2025-07-29 16:16:58,034 [copy_sim_slo] [DEBUG]  sending incremental file list
br-base-bin

sent 6.79M bytes  received 35 bytes  78.45K bytes/sec
total size is 18.91M  speedup is 2.79
2025-07-29 16:16:58,034 [copy_sim_slo] [DEBUG]  
2025-07-29 16:16:58,034 [flush       ] [DEBUG]  [localhost] rsync_project: rsync  -pthrvz -L --rsh='ssh   -o StrictHostKeyChecking=no ' /home/dawud/chipyard/sims/firesim/deploy/../sim/output/xilinx_alveo_u250/xilinx_alveo_u250-firesim-FireSim-FireSimRocketNLPrefetchWithAccuracy-WithPrintfSynthesis_BaseXilinxAlveoConfig/driver-bundle.tar.gz dawud@localhost:/home/dawud/chipyard/FIRESIM_RUNS_DIR/sim_slot_0/rsyncdir/driver-bundle.tar.gz
2025-07-29 16:16:58,034 [flush       ] [DEBUG]  [localhost] local: rsync  -pthrvz -L --rsh='ssh   -o StrictHostKeyChecking=no ' /home/dawud/chipyard/sims/firesim/deploy/../sim/output/xilinx_alveo_u250/xilinx_alveo_u250-firesim-FireSim-FireSimRocketNLPrefetchWithAccuracy-WithPrintfSynthesis_BaseXilinxAlveoConfig/driver-bundle.tar.gz dawud@localhost:/home/dawud/chipyard/FIRESIM_RUNS_DIR/sim_slot_0/rsyncdir/driver-bundle.tar.gz
2025-07-29 16:18:23,358 [copy_sim_slo] [DEBUG]  sending incremental file list
driver-bundle.tar.gz

sent 9.16M bytes  received 35 bytes  107.11K bytes/sec
total size is 9.20M  speedup is 1.00
2025-07-29 16:18:23,358 [copy_sim_slo] [DEBUG]  
2025-07-29 16:18:23,358 [flush       ] [DEBUG]  [localhost] rsync_project: rsync  -pthrvz -L --rsh='ssh   -o StrictHostKeyChecking=no ' /tmp/tmplk1wy728/addb74703e92f96f34b63fd1b7b83ec5e1533ea52700cccd7ffd0aba9de1e099 dawud@localhost:/home/dawud/chipyard/FIRESIM_RUNS_DIR/sim_slot_0/rsyncdir/firesim.tar.gz
2025-07-29 16:18:23,358 [flush       ] [DEBUG]  [localhost] local: rsync  -pthrvz -L --rsh='ssh   -o StrictHostKeyChecking=no ' /tmp/tmplk1wy728/addb74703e92f96f34b63fd1b7b83ec5e1533ea52700cccd7ffd0aba9de1e099 dawud@localhost:/home/dawud/chipyard/FIRESIM_RUNS_DIR/sim_slot_0/rsyncdir/firesim.tar.gz
2025-07-29 16:19:49,373 [copy_sim_slo] [DEBUG]  sending incremental file list
addb74703e92f96f34b63fd1b7b83ec5e1533ea52700cccd7ffd0aba9de1e099

sent 20.09M bytes  received 35 bytes  232.30K bytes/sec
total size is 24.78M  speedup is 1.23
2025-07-29 16:19:49,373 [copy_sim_slo] [DEBUG]  
2025-07-29 16:19:49,373 [flush       ] [DEBUG]  [localhost] run: cp -r /home/dawud/chipyard/FIRESIM_RUNS_DIR/sim_slot_0/rsyncdir//* /home/dawud/chipyard/FIRESIM_RUNS_DIR/sim_slot_0//
2025-07-29 16:19:52,098 [flush       ] [DEBUG]  [localhost] run: tar -xf driver-bundle.tar.gz
2025-07-29 16:19:54,704 [flush       ] [DEBUG]  [localhost] run: lsmod | grep -wq xdma
2025-07-29 16:19:57,034 [instance_log] [INFO ]  [localhost] Unloading XDMA Driver Kernel Module.
2025-07-29 16:19:57,034 [flush       ] [DEBUG]  [localhost] run: sudo rmmod xdma
2025-07-29 16:24:59,365 [flush       ] [DEBUG]  [localhost] out: [sudo] password for dawud: 
2025-07-29 16:24:59,365 [flush       ] [DEBUG]  [localhost] out: sudo: timed out reading password
2025-07-29 16:25:01,318 [flush       ] [DEBUG]  [localhost] out: 
2025-07-29 16:25:01,326 [flush       ] [INFO ]  Fatal error: run() received nonzero return code 1 while executing!
2025-07-29 16:25:01,326 [flush       ] [INFO ]  Requested: sudo rmmod xdma
2025-07-29 16:25:01,326 [flush       ] [INFO ]  Executed: /bin/bash -l -c "sudo rmmod xdma"
2025-07-29 16:25:01,326 [flush       ] [INFO ]  Aborting.
2025-07-29 16:25:01,346 [flush       ] [INFO ]  Fatal error: One or more hosts failed while executing task 'infrasetup_node_wrapper'
2025-07-29 16:25:01,346 [flush       ] [INFO ]  Aborting.
2025-07-29 16:25:01,360 [<module>    ] [ERROR]  Fatal error.
Traceback (most recent call last):
  File "/home/dawud/chipyard/sims/firesim/deploy/firesim", line 530, in <module>
    main(args)
  File "/home/dawud/chipyard/sims/firesim/deploy/firesim", line 469, in main
    t['task'](t['config'](args))
  File "/home/dawud/chipyard/sims/firesim/deploy/firesim", line 243, in infrasetup
    runtime_conf.infrasetup()
  File "/home/dawud/chipyard/sims/firesim/deploy/runtools/runtime_config.py", line 890, in infrasetup
    self.firesim_topology_with_passes.infrasetup_passes(use_mock_instances_for_testing)
  File "/home/dawud/chipyard/sims/firesim/deploy/runtools/firesim_topology_with_passes.py", line 448, in infrasetup_passes
    execute(infrasetup_node_wrapper, self.run_farm, uridir, hosts=all_run_farm_ips)
  File "/home/dawud/chipyard/.conda-env/lib/python3.10/site-packages/fabric/tasks.py", line 392, in execute
    error(err)
  File "/home/dawud/chipyard/.conda-env/lib/python3.10/site-packages/fabric/utils.py", line 357, in error
    return func(message)
  File "/home/dawud/chipyard/.conda-env/lib/python3.10/site-packages/fabric/utils.py", line 65, in abort
    raise e
SystemExit: 1
2025-07-29 16:25:01,365 [<module>    ] [INFO ]  The full log of this run is:
/home/dawud/chipyard/sims/firesim/deploy/logs/2025-07-29--21-12-39-infrasetup-4XXIBALSVHK9BZY2.log
(/home/dawud/chipyard/.conda-env) [dawud@draccus firesim]$ 

